{
  "stats": {
    "suites": 12,
    "tests": 41,
    "passes": 21,
    "pending": 0,
    "failures": 20,
    "start": "2022-07-04T20:28:25.588Z",
    "end": "2022-07-04T20:29:55.846Z",
    "duration": 90258,
    "testsRegistered": 41,
    "passPercent": 51.21951219512195,
    "pendingPercent": 0,
    "other": 0,
    "hasOther": false,
    "skipped": 0,
    "hasSkipped": false
  },
  "results": [
    {
      "uuid": "30a25bb0-b454-43ac-960e-ba48c345d738",
      "title": "",
      "fullFile": "cypress/integration/project.spec.js",
      "file": "cypress/integration/project.spec.js",
      "beforeHooks": [],
      "afterHooks": [],
      "tests": [],
      "suites": [
        {
          "uuid": "62edd505-b262-4764-81d2-cf0a8ec1958e",
          "title": "1 - Adicione à página o título \"Paleta de Cores\".",
          "fullFile": "",
          "file": "",
          "beforeHooks": [],
          "afterHooks": [],
          "tests": [
            {
              "title": "Verifica se contém um elemento `h1` com o id `title` com o título correto",
              "fullTitle": "1 - Adicione à página o título \"Paleta de Cores\". Verifica se contém um elemento `h1` com o id `title` com o título correto",
              "timedOut": null,
              "duration": 155,
              "state": "passed",
              "speed": "slow",
              "pass": true,
              "fail": false,
              "pending": false,
              "context": null,
              "code": "cy.get('h1#title').should('contain.text', 'Paleta de Cores');",
              "err": {},
              "uuid": "8957b322-6d4c-4ce3-aab9-cba330c417cc",
              "parentUUID": "62edd505-b262-4764-81d2-cf0a8ec1958e",
              "isHook": false,
              "skipped": false
            }
          ],
          "suites": [],
          "passes": [
            "8957b322-6d4c-4ce3-aab9-cba330c417cc"
          ],
          "failures": [],
          "pending": [],
          "skipped": [],
          "duration": 155,
          "root": false,
          "rootEmpty": false,
          "_timeout": 2000
        },
        {
          "uuid": "f7cf5b20-a89f-46cb-9542-5ccd6a285b53",
          "title": "2 - Adicione à página uma paleta de quatro cores distintas.",
          "fullFile": "",
          "file": "",
          "beforeHooks": [],
          "afterHooks": [],
          "tests": [
            {
              "title": "A paleta de cores deve ser um elemento com `id` denominado `color-palette` e ter mais de 0px de altura e de largura.",
              "fullTitle": "2 - Adicione à página uma paleta de quatro cores distintas. A paleta de cores deve ser um elemento com `id` denominado `color-palette` e ter mais de 0px de altura e de largura.",
              "timedOut": null,
              "duration": 100,
              "state": "passed",
              "speed": "slow",
              "pass": true,
              "fail": false,
              "pending": false,
              "context": null,
              "code": "cy.get('#color-palette').should('be.visible');\ncy.get('#color-palette').children('.color');",
              "err": {},
              "uuid": "24753b48-2937-4a7f-a03c-1df3565728aa",
              "parentUUID": "f7cf5b20-a89f-46cb-9542-5ccd6a285b53",
              "isHook": false,
              "skipped": false
            },
            {
              "title": "Verifica se cada cor individual da paleta de cores possui a `classe` chamada `color`.",
              "fullTitle": "2 - Adicione à página uma paleta de quatro cores distintas. Verifica se cada cor individual da paleta de cores possui a `classe` chamada `color`.",
              "timedOut": null,
              "duration": 129,
              "state": "passed",
              "speed": "slow",
              "pass": true,
              "fail": false,
              "pending": false,
              "context": null,
              "code": "cy.get('.color').should('have.length', 4).then(function (colors) {\n  for (var i = 0; i < colors.length; i++) {\n    cy.wrap(colors[i]).should('be.visible');\n  }\n});",
              "err": {},
              "uuid": "749fc143-efe1-4d4d-945c-ee7be7f85a8d",
              "parentUUID": "f7cf5b20-a89f-46cb-9542-5ccd6a285b53",
              "isHook": false,
              "skipped": false
            },
            {
              "title": "Verifica se a cor de fundo de cada elemento da paleta é a cor que o elemento representa. **A única cor não permitida na paleta é a cor branca.**",
              "fullTitle": "2 - Adicione à página uma paleta de quatro cores distintas. Verifica se a cor de fundo de cada elemento da paleta é a cor que o elemento representa. **A única cor não permitida na paleta é a cor branca.**",
              "timedOut": null,
              "duration": 100,
              "state": "passed",
              "speed": "slow",
              "pass": true,
              "fail": false,
              "pending": false,
              "context": null,
              "code": "cy.get('.color').each(function (color) {\n  cy.wrap(color).should('have.class', 'color').and('not.have.css', 'background-color', WHITE);\n  cy.wrap(color).should('have.css', 'background-color');\n});",
              "err": {},
              "uuid": "81502ff6-3853-4f37-9ea2-fb7d980bca34",
              "parentUUID": "f7cf5b20-a89f-46cb-9542-5ccd6a285b53",
              "isHook": false,
              "skipped": false
            },
            {
              "title": "Verifica se cada elemento da paleta de cores tem uma borda preta, sólida e com 1 pixel de largura;",
              "fullTitle": "2 - Adicione à página uma paleta de quatro cores distintas. Verifica se cada elemento da paleta de cores tem uma borda preta, sólida e com 1 pixel de largura;",
              "timedOut": null,
              "duration": 125,
              "state": "passed",
              "speed": "slow",
              "pass": true,
              "fail": false,
              "pending": false,
              "context": null,
              "code": "cy.get('.color').each(function (color) {\n  cy.wrap(color).and('have.css', 'border', \"1px solid \".concat(BLACK)).and('have.class', 'color');\n});",
              "err": {},
              "uuid": "eb31755b-89df-4ca4-a9ba-6ba9f6940498",
              "parentUUID": "f7cf5b20-a89f-46cb-9542-5ccd6a285b53",
              "isHook": false,
              "skipped": false
            },
            {
              "title": "Verifica se a paleta lista todas as cores disponíveis para utilização, lado a lado.",
              "fullTitle": "2 - Adicione à página uma paleta de quatro cores distintas. Verifica se a paleta lista todas as cores disponíveis para utilização, lado a lado.",
              "timedOut": null,
              "duration": 112,
              "state": "passed",
              "speed": "slow",
              "pass": true,
              "fail": false,
              "pending": false,
              "context": null,
              "code": "cy.get('.color').then(function (colors) {\n  for (var index = 1; index < colors.length; index += 1) {\n    var currentColor = colors[index];\n    var previousColor = colors[index - 1];\n    cy.wrap(currentColor).should('be.onTheRightOf', previousColor).and('be.horizontallyAlignedWith', previousColor);\n  }\n});",
              "err": {},
              "uuid": "548812a2-15a2-43fa-8a84-3b79c46cb8f9",
              "parentUUID": "f7cf5b20-a89f-46cb-9542-5ccd6a285b53",
              "isHook": false,
              "skipped": false
            },
            {
              "title": "Verifica se a paleta de cores está posicionada abaixo do título 'Paleta de Cores'",
              "fullTitle": "2 - Adicione à página uma paleta de quatro cores distintas. Verifica se a paleta de cores está posicionada abaixo do título 'Paleta de Cores'",
              "timedOut": null,
              "duration": 146,
              "state": "passed",
              "speed": "slow",
              "pass": true,
              "fail": false,
              "pending": false,
              "context": null,
              "code": "cy.get('h1#title').then(function (title) {\n  cy.get('#color-palette').should('be.belowOf', title);\n});",
              "err": {},
              "uuid": "6c5f3db6-1330-44e9-a46d-11e4498a9f54",
              "parentUUID": "f7cf5b20-a89f-46cb-9542-5ccd6a285b53",
              "isHook": false,
              "skipped": false
            },
            {
              "title": "Verifica se a paleta de cores não contém cores repetidas.",
              "fullTitle": "2 - Adicione à página uma paleta de quatro cores distintas. Verifica se a paleta de cores não contém cores repetidas.",
              "timedOut": null,
              "duration": 73,
              "state": "passed",
              "speed": "medium",
              "pass": true,
              "fail": false,
              "pending": false,
              "context": null,
              "code": "cy.get('.color').then(function (colors) {\n  var allColors = Array.from(colors).map(function (color) {\n    return Cypress.$(color).css('background-color');\n  });\n  cy.log(allColors);\n  var uniqColors = (0, _toConsumableArray2[\"default\"])(new Set(allColors));\n  cy.log(uniqColors);\n  expect(allColors.length).to.eq(uniqColors.length);\n});",
              "err": {},
              "uuid": "eb1259b4-4199-4473-bae2-ff8461ab7d9c",
              "parentUUID": "f7cf5b20-a89f-46cb-9542-5ccd6a285b53",
              "isHook": false,
              "skipped": false
            }
          ],
          "suites": [],
          "passes": [
            "24753b48-2937-4a7f-a03c-1df3565728aa",
            "749fc143-efe1-4d4d-945c-ee7be7f85a8d",
            "81502ff6-3853-4f37-9ea2-fb7d980bca34",
            "eb31755b-89df-4ca4-a9ba-6ba9f6940498",
            "548812a2-15a2-43fa-8a84-3b79c46cb8f9",
            "6c5f3db6-1330-44e9-a46d-11e4498a9f54",
            "eb1259b4-4199-4473-bae2-ff8461ab7d9c"
          ],
          "failures": [],
          "pending": [],
          "skipped": [],
          "duration": 785,
          "root": false,
          "rootEmpty": false,
          "_timeout": 2000
        },
        {
          "uuid": "766350d7-ceba-4908-865d-a30a1be4cc00",
          "title": "3 - Adicione a cor **preta** como a primeira cor da paleta de cores.",
          "fullFile": "",
          "file": "",
          "beforeHooks": [],
          "afterHooks": [],
          "tests": [
            {
              "title": "Verifica se a primeira cor da paleta é preta",
              "fullTitle": "3 - Adicione a cor **preta** como a primeira cor da paleta de cores. Verifica se a primeira cor da paleta é preta",
              "timedOut": null,
              "duration": 97,
              "state": "passed",
              "speed": "slow",
              "pass": true,
              "fail": false,
              "pending": false,
              "context": null,
              "code": "cy.get('.color').first().should('have.css', 'background-color', BLACK);",
              "err": {},
              "uuid": "35d6eb4d-5563-43bd-a0e5-17e28fbdd031",
              "parentUUID": "766350d7-ceba-4908-865d-a30a1be4cc00",
              "isHook": false,
              "skipped": false
            },
            {
              "title": "Verifica se as demais cores podem ser escolhidas livremente.",
              "fullTitle": "3 - Adicione a cor **preta** como a primeira cor da paleta de cores. Verifica se as demais cores podem ser escolhidas livremente.",
              "timedOut": null,
              "duration": 163,
              "state": "passed",
              "speed": "slow",
              "pass": true,
              "fail": false,
              "pending": false,
              "context": null,
              "code": "cy.get('.color').eq(1).should('not.have.css', 'background-color', BLACK);\ncy.get('.color').eq(1).should('not.have.css', 'background-color', WHITE);\ncy.get('.color').eq(1).should('not.have.css', 'background-color', 'rgba(0, 0, 0, 0)');\ncy.get('.color').eq(1).should('have.css', 'background-color');\ncy.get('.color').eq(2).should('not.have.css', 'background-color', BLACK);\ncy.get('.color').eq(2).should('not.have.css', 'background-color', WHITE);\ncy.get('.color').eq(2).should('not.have.css', 'background-color', 'rgba(0, 0, 0, 0)');\ncy.get('.color').eq(2).should('have.css', 'background-color');\ncy.get('.color').eq(3).should('not.have.css', 'background-color', BLACK);\ncy.get('.color').eq(3).should('not.have.css', 'background-color', WHITE);\ncy.get('.color').eq(3).should('not.have.css', 'background-color', 'rgba(0, 0, 0, 0)');\ncy.get('.color').eq(3).should('have.css', 'background-color');",
              "err": {},
              "uuid": "3177cfc7-09e3-4972-9d68-9dd6e5697c08",
              "parentUUID": "766350d7-ceba-4908-865d-a30a1be4cc00",
              "isHook": false,
              "skipped": false
            }
          ],
          "suites": [],
          "passes": [
            "35d6eb4d-5563-43bd-a0e5-17e28fbdd031",
            "3177cfc7-09e3-4972-9d68-9dd6e5697c08"
          ],
          "failures": [],
          "pending": [],
          "skipped": [],
          "duration": 260,
          "root": false,
          "rootEmpty": false,
          "_timeout": 2000
        },
        {
          "uuid": "b860e483-9798-4c76-b614-de96f87785ee",
          "title": "4 - Adicione à página um quadro de pixels, com 25 pixels.",
          "fullFile": "",
          "file": "",
          "beforeHooks": [],
          "afterHooks": [],
          "tests": [
            {
              "title": "Verifica se o quadro de pixels possui o `id` denominado `pixel-board`",
              "fullTitle": "4 - Adicione à página um quadro de pixels, com 25 pixels. Verifica se o quadro de pixels possui o `id` denominado `pixel-board`",
              "timedOut": null,
              "duration": 79,
              "state": "passed",
              "speed": "slow",
              "pass": true,
              "fail": false,
              "pending": false,
              "context": null,
              "code": "cy.get('#pixel-board').should('be.visible');",
              "err": {},
              "uuid": "1b98f21d-7b32-41d6-8ebe-0f09cc79876e",
              "parentUUID": "b860e483-9798-4c76-b614-de96f87785ee",
              "isHook": false,
              "skipped": false
            },
            {
              "title": "Verifica se cada pixel individual dentro do quadro possui a `classe` denominada `pixel`.",
              "fullTitle": "4 - Adicione à página um quadro de pixels, com 25 pixels. Verifica se cada pixel individual dentro do quadro possui a `classe` denominada `pixel`.",
              "timedOut": null,
              "duration": 121,
              "state": "passed",
              "speed": "slow",
              "pass": true,
              "fail": false,
              "pending": false,
              "context": null,
              "code": "cy.get('.pixel').should('have.length', 25);",
              "err": {},
              "uuid": "42f993ce-10e0-40ea-ac3b-11d87139c94d",
              "parentUUID": "b860e483-9798-4c76-b614-de96f87785ee",
              "isHook": false,
              "skipped": false
            },
            {
              "title": "Verifica se a cor inicial dos pixels dentro do quadro, ao abrir a página, é branca.",
              "fullTitle": "4 - Adicione à página um quadro de pixels, com 25 pixels. Verifica se a cor inicial dos pixels dentro do quadro, ao abrir a página, é branca.",
              "timedOut": null,
              "duration": 122,
              "state": "passed",
              "speed": "slow",
              "pass": true,
              "fail": false,
              "pending": false,
              "context": null,
              "code": "cy.get('.pixel').should('have.length', 25).each(function (pixel) {\n  expect(pixel).to.have.css('background-color', WHITE);\n});",
              "err": {},
              "uuid": "1a2ab63d-1c56-4bab-8288-90d485978660",
              "parentUUID": "b860e483-9798-4c76-b614-de96f87785ee",
              "isHook": false,
              "skipped": false
            },
            {
              "title": "Verifica se o quadro de pixels aparece abaixo da paleta de cores",
              "fullTitle": "4 - Adicione à página um quadro de pixels, com 25 pixels. Verifica se o quadro de pixels aparece abaixo da paleta de cores",
              "timedOut": null,
              "duration": 74,
              "state": "passed",
              "speed": "medium",
              "pass": true,
              "fail": false,
              "pending": false,
              "context": null,
              "code": "cy.get('#color-palette').then(function (palette) {\n  cy.get('#pixel-board').should('be.belowOf', palette);\n});",
              "err": {},
              "uuid": "11e93289-f8e1-4576-b768-aabec5850ce7",
              "parentUUID": "b860e483-9798-4c76-b614-de96f87785ee",
              "isHook": false,
              "skipped": false
            }
          ],
          "suites": [],
          "passes": [
            "1b98f21d-7b32-41d6-8ebe-0f09cc79876e",
            "42f993ce-10e0-40ea-ac3b-11d87139c94d",
            "1a2ab63d-1c56-4bab-8288-90d485978660",
            "11e93289-f8e1-4576-b768-aabec5850ce7"
          ],
          "failures": [],
          "pending": [],
          "skipped": [],
          "duration": 396,
          "root": false,
          "rootEmpty": false,
          "_timeout": 2000
        },
        {
          "uuid": "a7a69d4e-e073-4da8-8458-3f556a189033",
          "title": "5 - Faça com que cada elemento do quadro de pixels possua 40 pixels de largura, 40 pixels de altura e seja delimitado por uma borda preta de 1 pixel.",
          "fullFile": "",
          "file": "",
          "beforeHooks": [],
          "afterHooks": [],
          "tests": [
            {
              "title": "Verifica se o quadro de pixels tem altura e comprimento de 5 elementos",
              "fullTitle": "5 - Faça com que cada elemento do quadro de pixels possua 40 pixels de largura, 40 pixels de altura e seja delimitado por uma borda preta de 1 pixel. Verifica se o quadro de pixels tem altura e comprimento de 5 elementos",
              "timedOut": null,
              "duration": 262,
              "state": "passed",
              "speed": "slow",
              "pass": true,
              "fail": false,
              "pending": false,
              "context": null,
              "code": "cy.get('.pixel').should('have.length', 25).each(function (pixel) {\n  expect(pixel).to.have.css('background-color', WHITE);\n}).and(function (pixels) {\n  var rows = chunk(pixels, 5);\n  rows.forEach(function (row) {\n    for (var index = 1; index < row.length; index += 1) {\n      var current = pixels[index];\n      var previous = pixels[index - 1];\n      cy.wrap(current).should('be.onTheRightOf', previous).and('be.horizontallyAlignedWith', previous);\n    }\n  });\n  for (var index = 1; index < 5; index += 1) {\n    expect(pixels[index * 5]).to.be.belowOf(pixels[(index - 1) * 5]);\n  }\n});",
              "err": {},
              "uuid": "7ca92edb-c510-48eb-89f3-dc7d4fb069d0",
              "parentUUID": "a7a69d4e-e073-4da8-8458-3f556a189033",
              "isHook": false,
              "skipped": false
            },
            {
              "title": "Verifica se 40 pixels é o tamanho total do elemento, incluindo seu conteúdo e excluindo a borda preta, que deve ser criada à parte.",
              "fullTitle": "5 - Faça com que cada elemento do quadro de pixels possua 40 pixels de largura, 40 pixels de altura e seja delimitado por uma borda preta de 1 pixel. Verifica se 40 pixels é o tamanho total do elemento, incluindo seu conteúdo e excluindo a borda preta, que deve ser criada à parte.",
              "timedOut": null,
              "duration": 242,
              "state": "passed",
              "speed": "slow",
              "pass": true,
              "fail": false,
              "pending": false,
              "context": null,
              "code": "cy.get('.pixel').each(function (pixel) {\n  cy.wrap(pixel).should('have.css', 'height', '40px').and('have.css', 'width', '40px').and('have.css', 'border', \"1px solid \".concat(BLACK));\n});",
              "err": {},
              "uuid": "a623c48c-63ae-457d-ae1c-1116725c90f5",
              "parentUUID": "a7a69d4e-e073-4da8-8458-3f556a189033",
              "isHook": false,
              "skipped": false
            }
          ],
          "suites": [],
          "passes": [
            "7ca92edb-c510-48eb-89f3-dc7d4fb069d0",
            "a623c48c-63ae-457d-ae1c-1116725c90f5"
          ],
          "failures": [],
          "pending": [],
          "skipped": [],
          "duration": 504,
          "root": false,
          "rootEmpty": false,
          "_timeout": 2000
        },
        {
          "uuid": "f0cb8ebf-1abb-46f3-8568-85023d129dd7",
          "title": "6 - Defina a cor preta como cor inicial. Ao carregar a página a cor preta já deve estar selecionada para pintar os pixels",
          "fullFile": "",
          "file": "",
          "beforeHooks": [],
          "afterHooks": [],
          "tests": [
            {
              "title": "Verifica se o elemento da cor preta possui, inicialmente, a `classe` `selected`",
              "fullTitle": "6 - Defina a cor preta como cor inicial. Ao carregar a página a cor preta já deve estar selecionada para pintar os pixels Verifica se o elemento da cor preta possui, inicialmente, a `classe` `selected`",
              "timedOut": null,
              "duration": 88,
              "state": "passed",
              "speed": "slow",
              "pass": true,
              "fail": false,
              "pending": false,
              "context": null,
              "code": "cy.get('.selected').first().should('have.css', 'background-color', BLACK);",
              "err": {},
              "uuid": "21d287fe-af14-4849-9f85-a00f186f2077",
              "parentUUID": "f0cb8ebf-1abb-46f3-8568-85023d129dd7",
              "isHook": false,
              "skipped": false
            },
            {
              "title": "Verifica se nenhuma outra cor da paleta tem a `classe` `selected`",
              "fullTitle": "6 - Defina a cor preta como cor inicial. Ao carregar a página a cor preta já deve estar selecionada para pintar os pixels Verifica se nenhuma outra cor da paleta tem a `classe` `selected`",
              "timedOut": null,
              "duration": 82,
              "state": "passed",
              "speed": "slow",
              "pass": true,
              "fail": false,
              "pending": false,
              "context": null,
              "code": "cy.get('.color:not(:first-child)').each(function (color) {\n  cy.wrap(color).should('not.have.class', 'selected');\n});",
              "err": {},
              "uuid": "c7d2a620-3499-4141-9894-f4610315ef60",
              "parentUUID": "f0cb8ebf-1abb-46f3-8568-85023d129dd7",
              "isHook": false,
              "skipped": false
            }
          ],
          "suites": [],
          "passes": [
            "21d287fe-af14-4849-9f85-a00f186f2077",
            "c7d2a620-3499-4141-9894-f4610315ef60"
          ],
          "failures": [],
          "pending": [],
          "skipped": [],
          "duration": 170,
          "root": false,
          "rootEmpty": false,
          "_timeout": 2000
        },
        {
          "uuid": "003db255-b5ea-41dc-81e8-5dbab670403b",
          "title": "7 - Clicar em uma das cores da paleta, faz com que ela seja selecionada e utilizada para preencher os pixels no quadro.",
          "fullFile": "",
          "file": "",
          "beforeHooks": [],
          "afterHooks": [],
          "tests": [
            {
              "title": "Verifica se somente uma cor da paleta de cores tem a classe `selected` de cada vez",
              "fullTitle": "7 - Clicar em uma das cores da paleta, faz com que ela seja selecionada e utilizada para preencher os pixels no quadro. Verifica se somente uma cor da paleta de cores tem a classe `selected` de cada vez",
              "timedOut": null,
              "duration": 471,
              "state": "passed",
              "speed": "slow",
              "pass": true,
              "fail": false,
              "pending": false,
              "context": null,
              "code": "cy.get('.color').each(function (selectedColor, selectedColorIndex) {\n  cy.wrap(selectedColor).click();\n  cy.get('.color').each(function (color, colorIndex) {\n    if (colorIndex === selectedColorIndex) {\n      expect(color).to.have[\"class\"]('selected');\n    } else {\n      expect(color).not.to.have[\"class\"]('selected');\n    }\n  });\n});",
              "err": {},
              "uuid": "1e94208c-4f02-4a3a-8bb8-b477eec6dd5a",
              "parentUUID": "003db255-b5ea-41dc-81e8-5dbab670403b",
              "isHook": false,
              "skipped": false
            },
            {
              "title": "Verifica se os pixels dentro do quadro não têm a classe `selected` quando são clicados",
              "fullTitle": "7 - Clicar em uma das cores da paleta, faz com que ela seja selecionada e utilizada para preencher os pixels no quadro. Verifica se os pixels dentro do quadro não têm a classe `selected` quando são clicados",
              "timedOut": null,
              "duration": 9596,
              "state": "passed",
              "speed": "slow",
              "pass": true,
              "fail": false,
              "pending": false,
              "context": null,
              "code": "cy.get('.color').each(function (color) {\n  var backgroundColor = color.css('background-color');\n  cy.wrap(color).click();\n  cy.get('.pixel').each(function (pixel) {\n    cy.wrap(pixel).click().should('not.have.class', 'selected');\n  });\n});",
              "err": {},
              "uuid": "a0ab7788-3173-4294-92bc-37a7f8d54363",
              "parentUUID": "003db255-b5ea-41dc-81e8-5dbab670403b",
              "isHook": false,
              "skipped": false
            }
          ],
          "suites": [],
          "passes": [
            "1e94208c-4f02-4a3a-8bb8-b477eec6dd5a",
            "a0ab7788-3173-4294-92bc-37a7f8d54363"
          ],
          "failures": [],
          "pending": [],
          "skipped": [],
          "duration": 10067,
          "root": false,
          "rootEmpty": false,
          "_timeout": 2000
        },
        {
          "uuid": "163a9113-afb2-4a7a-abdd-1a6b221f81ac",
          "title": "8 - Clicar em um pixel dentro do quadro após selecionar uma cor na paleta, faz com que o pixel seja preenchido com a cor selecionada.",
          "fullFile": "",
          "file": "",
          "beforeHooks": [],
          "afterHooks": [],
          "tests": [
            {
              "title": "Verifica se ao carregar a página deve ser possível pintar os pixels de preto",
              "fullTitle": "8 - Clicar em um pixel dentro do quadro após selecionar uma cor na paleta, faz com que o pixel seja preenchido com a cor selecionada. Verifica se ao carregar a página deve ser possível pintar os pixels de preto",
              "timedOut": null,
              "duration": 4240,
              "state": "failed",
              "speed": null,
              "pass": false,
              "fail": true,
              "pending": false,
              "context": null,
              "code": "cy.get('.pixel').each(function (pixel) {\n  cy.wrap(pixel).click().should('have.css', 'background-color', BLACK);\n});",
              "err": {
                "message": "CypressError: Timed out retrying: expected '<div.pixel>' to have CSS property 'background-color' with the value 'rgb(0, 0, 0)', but the value was 'rgb(255, 255, 255)'",
                "estack": "CypressError: Timed out retrying: expected '<div.pixel>' to have CSS property 'background-color' with the value 'rgb(0, 0, 0)', but the value was 'rgb(255, 255, 255)'\n    at cypressErr (http://localhost:45149/__cypress/runner/cypress_runner.js:149934:9)\n    at throwErr (http://localhost:45149/__cypress/runner/cypress_runner.js:149867:11)\n    at Object.throwErrByPath (http://localhost:45149/__cypress/runner/cypress_runner.js:149915:3)\n    at retry (http://localhost:45149/__cypress/runner/cypress_runner.js:144197:19)\n    at onFailFn (http://localhost:45149/__cypress/runner/cypress_runner.js:132448:16)\n    at tryCatcher (http://localhost:45149/__cypress/runner/cypress_runner.js:167415:23)\n    at Promise._settlePromiseFromHandler (http://localhost:45149/__cypress/runner/cypress_runner.js:165351:31)\n    at Promise._settlePromise (http://localhost:45149/__cypress/runner/cypress_runner.js:165408:18)\n    at Promise._settlePromise0 (http://localhost:45149/__cypress/runner/cypress_runner.js:165453:10)\n    at Promise._settlePromises (http://localhost:45149/__cypress/runner/cypress_runner.js:165528:18)\n    at Async../node_modules/bluebird/js/release/async.js.Async._drainQueue (http://localhost:45149/__cypress/runner/cypress_runner.js:162140:16)\n    at Async../node_modules/bluebird/js/release/async.js.Async._drainQueues (http://localhost:45149/__cypress/runner/cypress_runner.js:162150:10)\n    at Async.drainQueues (http://localhost:45149/__cypress/runner/cypress_runner.js:162024:14)",
                "diff": null
              },
              "uuid": "4b8f4548-27fa-459b-b1a5-d162053c1ee5",
              "parentUUID": "163a9113-afb2-4a7a-abdd-1a6b221f81ac",
              "isHook": false,
              "skipped": false
            },
            {
              "title": "Verifica se após selecionar uma outra cor na paleta, é possível pintar os pixels com essa cor",
              "fullTitle": "8 - Clicar em um pixel dentro do quadro após selecionar uma cor na paleta, faz com que o pixel seja preenchido com a cor selecionada. Verifica se após selecionar uma outra cor na paleta, é possível pintar os pixels com essa cor",
              "timedOut": null,
              "duration": 4269,
              "state": "failed",
              "speed": null,
              "pass": false,
              "fail": true,
              "pending": false,
              "context": null,
              "code": "cy.get('.color').each(function (color) {\n  var backgroundColor = color.css('background-color');\n  cy.wrap(color).click();\n  cy.get('.pixel').each(function (pixel) {\n    cy.wrap(pixel).click().should('have.css', 'background-color', backgroundColor);\n  });\n});",
              "err": {
                "message": "CypressError: Timed out retrying: expected '<div.pixel>' to have CSS property 'background-color' with the value 'rgb(0, 0, 0)', but the value was 'rgb(255, 255, 255)'",
                "estack": "CypressError: Timed out retrying: expected '<div.pixel>' to have CSS property 'background-color' with the value 'rgb(0, 0, 0)', but the value was 'rgb(255, 255, 255)'\n    at cypressErr (http://localhost:45149/__cypress/runner/cypress_runner.js:149934:9)\n    at throwErr (http://localhost:45149/__cypress/runner/cypress_runner.js:149867:11)\n    at Object.throwErrByPath (http://localhost:45149/__cypress/runner/cypress_runner.js:149915:3)\n    at retry (http://localhost:45149/__cypress/runner/cypress_runner.js:144197:19)\n    at onFailFn (http://localhost:45149/__cypress/runner/cypress_runner.js:132448:16)\n    at tryCatcher (http://localhost:45149/__cypress/runner/cypress_runner.js:167415:23)\n    at Promise._settlePromiseFromHandler (http://localhost:45149/__cypress/runner/cypress_runner.js:165351:31)\n    at Promise._settlePromise (http://localhost:45149/__cypress/runner/cypress_runner.js:165408:18)\n    at Promise._settlePromise0 (http://localhost:45149/__cypress/runner/cypress_runner.js:165453:10)\n    at Promise._settlePromises (http://localhost:45149/__cypress/runner/cypress_runner.js:165528:18)\n    at Async../node_modules/bluebird/js/release/async.js.Async._drainQueue (http://localhost:45149/__cypress/runner/cypress_runner.js:162140:16)\n    at Async../node_modules/bluebird/js/release/async.js.Async._drainQueues (http://localhost:45149/__cypress/runner/cypress_runner.js:162150:10)\n    at Async.drainQueues (http://localhost:45149/__cypress/runner/cypress_runner.js:162024:14)",
                "diff": null
              },
              "uuid": "e5c973ec-f9b4-4180-b2ae-c530b10eb5d1",
              "parentUUID": "163a9113-afb2-4a7a-abdd-1a6b221f81ac",
              "isHook": false,
              "skipped": false
            },
            {
              "title": "Verifica se somente o pixel que foi clicado foi preenchido com a cor selecionada, sem influenciar na cor dos demais pixels.",
              "fullTitle": "8 - Clicar em um pixel dentro do quadro após selecionar uma cor na paleta, faz com que o pixel seja preenchido com a cor selecionada. Verifica se somente o pixel que foi clicado foi preenchido com a cor selecionada, sem influenciar na cor dos demais pixels.",
              "timedOut": null,
              "duration": 1301,
              "state": "passed",
              "speed": "slow",
              "pass": true,
              "fail": false,
              "pending": false,
              "context": null,
              "code": "var colorToPixelIndexMap = {\n  0: 6,\n  1: 8,\n  2: 16,\n  3: 18\n};\ncy.get('.color').each(function (color, index) {\n  cy.wrap(color).click();\n  var backgroundColor = color.css('background-color');\n  var clickedPixelIndex = colorToPixelIndexMap[index];\n  cy.get('.pixel').eq(clickedPixelIndex).click();\n  cy.get('.pixel').eq(clickedPixelIndex - 1).should('not.have.css', 'background-color', backgroundColor);\n  cy.get('.pixel').eq(clickedPixelIndex + 1).should('not.have.css', 'background-color', backgroundColor);\n  cy.get('.pixel').eq(clickedPixelIndex - 5).should('not.have.css', 'background-color', backgroundColor);\n  cy.get('.pixel').eq(clickedPixelIndex + 5).should('not.have.css', 'background-color', backgroundColor);\n  cy.get('.pixel').eq(clickedPixelIndex - 6).should('not.have.css', 'background-color', backgroundColor);\n  cy.get('.pixel').eq(clickedPixelIndex - 4).should('not.have.css', 'background-color', backgroundColor);\n  cy.get('.pixel').eq(clickedPixelIndex + 4).should('not.have.css', 'background-color', backgroundColor);\n  cy.get('.pixel').eq(clickedPixelIndex + 6).should('not.have.css', 'background-color', backgroundColor);\n});",
              "err": {},
              "uuid": "f49f8ee6-9438-4922-8ed3-6685228536ab",
              "parentUUID": "163a9113-afb2-4a7a-abdd-1a6b221f81ac",
              "isHook": false,
              "skipped": false
            }
          ],
          "suites": [],
          "passes": [
            "f49f8ee6-9438-4922-8ed3-6685228536ab"
          ],
          "failures": [
            "4b8f4548-27fa-459b-b1a5-d162053c1ee5",
            "e5c973ec-f9b4-4180-b2ae-c530b10eb5d1"
          ],
          "pending": [],
          "skipped": [],
          "duration": 9810,
          "root": false,
          "rootEmpty": false,
          "_timeout": 2000
        },
        {
          "uuid": "fe29cc08-b628-42cc-8008-148354f1e886",
          "title": "9 - Crie um botão que, ao ser clicado, limpa o quadro preenchendo a cor de todos seus pixels com branco.",
          "fullFile": "",
          "file": "",
          "beforeHooks": [],
          "afterHooks": [],
          "tests": [
            {
              "title": "Verifica se o botão tem o `id` denominado `clear-board`",
              "fullTitle": "9 - Crie um botão que, ao ser clicado, limpa o quadro preenchendo a cor de todos seus pixels com branco. Verifica se o botão tem o `id` denominado `clear-board`",
              "timedOut": null,
              "duration": 4150,
              "state": "failed",
              "speed": null,
              "pass": false,
              "fail": true,
              "pending": false,
              "context": null,
              "code": "cy.get('#clear-board').should('be.visible');",
              "err": {
                "message": "CypressError: Timed out retrying: Expected to find element: '#clear-board', but never found it.",
                "estack": "CypressError: Timed out retrying: Expected to find element: '#clear-board', but never found it.\n    at cypressErr (http://localhost:45149/__cypress/runner/cypress_runner.js:149934:9)\n    at throwErr (http://localhost:45149/__cypress/runner/cypress_runner.js:149867:11)\n    at Object.throwErrByPath (http://localhost:45149/__cypress/runner/cypress_runner.js:149915:3)\n    at retry (http://localhost:45149/__cypress/runner/cypress_runner.js:144197:19)\n    at onFailFn (http://localhost:45149/__cypress/runner/cypress_runner.js:132448:16)\n    at tryCatcher (http://localhost:45149/__cypress/runner/cypress_runner.js:167415:23)\n    at Promise._settlePromiseFromHandler (http://localhost:45149/__cypress/runner/cypress_runner.js:165351:31)\n    at Promise._settlePromise (http://localhost:45149/__cypress/runner/cypress_runner.js:165408:18)\n    at Promise._settlePromise0 (http://localhost:45149/__cypress/runner/cypress_runner.js:165453:10)\n    at Promise._settlePromises (http://localhost:45149/__cypress/runner/cypress_runner.js:165528:18)\n    at Async../node_modules/bluebird/js/release/async.js.Async._drainQueue (http://localhost:45149/__cypress/runner/cypress_runner.js:162140:16)\n    at Async../node_modules/bluebird/js/release/async.js.Async._drainQueues (http://localhost:45149/__cypress/runner/cypress_runner.js:162150:10)\n    at Async.drainQueues (http://localhost:45149/__cypress/runner/cypress_runner.js:162024:14)",
                "diff": null
              },
              "uuid": "bb9d9882-340e-4776-a154-571ffc9205ef",
              "parentUUID": "fe29cc08-b628-42cc-8008-148354f1e886",
              "isHook": false,
              "skipped": false
            },
            {
              "title": "Verifica se o botão está posicionado entre a paleta de cores e o quadro de pixels",
              "fullTitle": "9 - Crie um botão que, ao ser clicado, limpa o quadro preenchendo a cor de todos seus pixels com branco. Verifica se o botão está posicionado entre a paleta de cores e o quadro de pixels",
              "timedOut": null,
              "duration": 4183,
              "state": "failed",
              "speed": null,
              "pass": false,
              "fail": true,
              "pending": false,
              "context": null,
              "code": "cy.get('#color-palette').then(function (palette) {\n  cy.get('#clear-board').should('be.belowOf', palette);\n});\ncy.get('#clear-board').then(function (clearBtn) {\n  cy.get('#pixel-board').should('be.belowOf', clearBtn);\n});",
              "err": {
                "message": "CypressError: Timed out retrying: Expected to find element: '#clear-board', but never found it.",
                "estack": "CypressError: Timed out retrying: Expected to find element: '#clear-board', but never found it.\n    at cypressErr (http://localhost:45149/__cypress/runner/cypress_runner.js:149934:9)\n    at throwErr (http://localhost:45149/__cypress/runner/cypress_runner.js:149867:11)\n    at Object.throwErrByPath (http://localhost:45149/__cypress/runner/cypress_runner.js:149915:3)\n    at retry (http://localhost:45149/__cypress/runner/cypress_runner.js:144197:19)\n    at onFailFn (http://localhost:45149/__cypress/runner/cypress_runner.js:132448:16)\n    at tryCatcher (http://localhost:45149/__cypress/runner/cypress_runner.js:167415:23)\n    at Promise._settlePromiseFromHandler (http://localhost:45149/__cypress/runner/cypress_runner.js:165351:31)\n    at Promise._settlePromise (http://localhost:45149/__cypress/runner/cypress_runner.js:165408:18)\n    at Promise._settlePromise0 (http://localhost:45149/__cypress/runner/cypress_runner.js:165453:10)\n    at Promise._settlePromises (http://localhost:45149/__cypress/runner/cypress_runner.js:165528:18)\n    at Async../node_modules/bluebird/js/release/async.js.Async._drainQueue (http://localhost:45149/__cypress/runner/cypress_runner.js:162140:16)\n    at Async../node_modules/bluebird/js/release/async.js.Async._drainQueues (http://localhost:45149/__cypress/runner/cypress_runner.js:162150:10)\n    at Async.drainQueues (http://localhost:45149/__cypress/runner/cypress_runner.js:162024:14)",
                "diff": null
              },
              "uuid": "960a456b-dc7b-4f5c-b322-2e7dfd5bcf7c",
              "parentUUID": "fe29cc08-b628-42cc-8008-148354f1e886",
              "isHook": false,
              "skipped": false
            },
            {
              "title": "Verifica se o texto do botão é 'Limpar'",
              "fullTitle": "9 - Crie um botão que, ao ser clicado, limpa o quadro preenchendo a cor de todos seus pixels com branco. Verifica se o texto do botão é 'Limpar'",
              "timedOut": null,
              "duration": 4138,
              "state": "failed",
              "speed": null,
              "pass": false,
              "fail": true,
              "pending": false,
              "context": null,
              "code": "cy.get('#clear-board').should('contain.text', 'Limpar');",
              "err": {
                "message": "CypressError: Timed out retrying: Expected to find element: '#clear-board', but never found it.",
                "estack": "CypressError: Timed out retrying: Expected to find element: '#clear-board', but never found it.\n    at cypressErr (http://localhost:45149/__cypress/runner/cypress_runner.js:149934:9)\n    at throwErr (http://localhost:45149/__cypress/runner/cypress_runner.js:149867:11)\n    at Object.throwErrByPath (http://localhost:45149/__cypress/runner/cypress_runner.js:149915:3)\n    at retry (http://localhost:45149/__cypress/runner/cypress_runner.js:144197:19)\n    at onFailFn (http://localhost:45149/__cypress/runner/cypress_runner.js:132448:16)\n    at tryCatcher (http://localhost:45149/__cypress/runner/cypress_runner.js:167415:23)\n    at Promise._settlePromiseFromHandler (http://localhost:45149/__cypress/runner/cypress_runner.js:165351:31)\n    at Promise._settlePromise (http://localhost:45149/__cypress/runner/cypress_runner.js:165408:18)\n    at Promise._settlePromise0 (http://localhost:45149/__cypress/runner/cypress_runner.js:165453:10)\n    at Promise._settlePromises (http://localhost:45149/__cypress/runner/cypress_runner.js:165528:18)\n    at Async../node_modules/bluebird/js/release/async.js.Async._drainQueue (http://localhost:45149/__cypress/runner/cypress_runner.js:162140:16)\n    at Async../node_modules/bluebird/js/release/async.js.Async._drainQueues (http://localhost:45149/__cypress/runner/cypress_runner.js:162150:10)\n    at Async.drainQueues (http://localhost:45149/__cypress/runner/cypress_runner.js:162024:14)",
                "diff": null
              },
              "uuid": "67ff677b-5c07-4944-be2a-f6b28a4ba78a",
              "parentUUID": "fe29cc08-b628-42cc-8008-148354f1e886",
              "isHook": false,
              "skipped": false
            },
            {
              "title": "Verifica se ao clicar no botão, o quadro de pixels é totalmente preenchido de branco",
              "fullTitle": "9 - Crie um botão que, ao ser clicado, limpa o quadro preenchendo a cor de todos seus pixels com branco. Verifica se ao clicar no botão, o quadro de pixels é totalmente preenchido de branco",
              "timedOut": null,
              "duration": 4263,
              "state": "failed",
              "speed": null,
              "pass": false,
              "fail": true,
              "pending": false,
              "context": null,
              "code": "cy.get('.color').eq(1).then(function (color) {\n  var backgroundColor = color.css('background-color');\n  cy.wrap(color).click();\n  cy.get('.pixel').each(function (pixel) {\n    cy.wrap(pixel).click().should('have.css', 'background-color', backgroundColor);\n  });\n});\ncy.get('#clear-board').click();\ncy.get('.pixel').each(function (pixel) {\n  cy.wrap(pixel).should('have.css', 'background-color', WHITE);\n});",
              "err": {
                "message": "CypressError: Timed out retrying: expected '<div.pixel>' to have CSS property 'background-color' with the value 'rgb(255, 0, 0)', but the value was 'rgb(255, 255, 255)'",
                "estack": "CypressError: Timed out retrying: expected '<div.pixel>' to have CSS property 'background-color' with the value 'rgb(255, 0, 0)', but the value was 'rgb(255, 255, 255)'\n    at cypressErr (http://localhost:45149/__cypress/runner/cypress_runner.js:149934:9)\n    at throwErr (http://localhost:45149/__cypress/runner/cypress_runner.js:149867:11)\n    at Object.throwErrByPath (http://localhost:45149/__cypress/runner/cypress_runner.js:149915:3)\n    at retry (http://localhost:45149/__cypress/runner/cypress_runner.js:144197:19)\n    at onFailFn (http://localhost:45149/__cypress/runner/cypress_runner.js:132448:16)\n    at tryCatcher (http://localhost:45149/__cypress/runner/cypress_runner.js:167415:23)\n    at Promise._settlePromiseFromHandler (http://localhost:45149/__cypress/runner/cypress_runner.js:165351:31)\n    at Promise._settlePromise (http://localhost:45149/__cypress/runner/cypress_runner.js:165408:18)\n    at Promise._settlePromise0 (http://localhost:45149/__cypress/runner/cypress_runner.js:165453:10)\n    at Promise._settlePromises (http://localhost:45149/__cypress/runner/cypress_runner.js:165528:18)\n    at Async../node_modules/bluebird/js/release/async.js.Async._drainQueue (http://localhost:45149/__cypress/runner/cypress_runner.js:162140:16)\n    at Async../node_modules/bluebird/js/release/async.js.Async._drainQueues (http://localhost:45149/__cypress/runner/cypress_runner.js:162150:10)\n    at Async.drainQueues (http://localhost:45149/__cypress/runner/cypress_runner.js:162024:14)",
                "diff": null
              },
              "uuid": "930a9ab0-1a4d-4435-aae8-495f527abd86",
              "parentUUID": "fe29cc08-b628-42cc-8008-148354f1e886",
              "isHook": false,
              "skipped": false
            }
          ],
          "suites": [],
          "passes": [],
          "failures": [
            "bb9d9882-340e-4776-a154-571ffc9205ef",
            "960a456b-dc7b-4f5c-b322-2e7dfd5bcf7c",
            "67ff677b-5c07-4944-be2a-f6b28a4ba78a",
            "930a9ab0-1a4d-4435-aae8-495f527abd86"
          ],
          "pending": [],
          "skipped": [],
          "duration": 16734,
          "root": false,
          "rootEmpty": false,
          "_timeout": 2000
        },
        {
          "uuid": "9594bb9e-de14-4c03-8294-4b4eea72370d",
          "title": "10 - Faça o quadro de pixels ter seu tamanho definido pelo usuário.",
          "fullFile": "",
          "file": "",
          "beforeHooks": [],
          "afterHooks": [],
          "tests": [
            {
              "title": "Verifica se existe um input com o id `board-size`",
              "fullTitle": "10 - Faça o quadro de pixels ter seu tamanho definido pelo usuário. Verifica se existe um input com o id `board-size`",
              "timedOut": null,
              "duration": 4132,
              "state": "failed",
              "speed": null,
              "pass": false,
              "fail": true,
              "pending": false,
              "context": null,
              "code": "cy.get('#board-size').should('be.visible');",
              "err": {
                "message": "CypressError: Timed out retrying: Expected to find element: '#board-size', but never found it.",
                "estack": "CypressError: Timed out retrying: Expected to find element: '#board-size', but never found it.\n    at cypressErr (http://localhost:45149/__cypress/runner/cypress_runner.js:149934:9)\n    at throwErr (http://localhost:45149/__cypress/runner/cypress_runner.js:149867:11)\n    at Object.throwErrByPath (http://localhost:45149/__cypress/runner/cypress_runner.js:149915:3)\n    at retry (http://localhost:45149/__cypress/runner/cypress_runner.js:144197:19)\n    at onFailFn (http://localhost:45149/__cypress/runner/cypress_runner.js:132448:16)\n    at tryCatcher (http://localhost:45149/__cypress/runner/cypress_runner.js:167415:23)\n    at Promise._settlePromiseFromHandler (http://localhost:45149/__cypress/runner/cypress_runner.js:165351:31)\n    at Promise._settlePromise (http://localhost:45149/__cypress/runner/cypress_runner.js:165408:18)\n    at Promise._settlePromise0 (http://localhost:45149/__cypress/runner/cypress_runner.js:165453:10)\n    at Promise._settlePromises (http://localhost:45149/__cypress/runner/cypress_runner.js:165528:18)\n    at Async../node_modules/bluebird/js/release/async.js.Async._drainQueue (http://localhost:45149/__cypress/runner/cypress_runner.js:162140:16)\n    at Async../node_modules/bluebird/js/release/async.js.Async._drainQueues (http://localhost:45149/__cypress/runner/cypress_runner.js:162150:10)\n    at Async.drainQueues (http://localhost:45149/__cypress/runner/cypress_runner.js:162024:14)",
                "diff": null
              },
              "uuid": "80312185-60a9-4d5a-a6de-f14e5d54061a",
              "parentUUID": "9594bb9e-de14-4c03-8294-4b4eea72370d",
              "isHook": false,
              "skipped": false
            },
            {
              "title": "Verifica se existe um botão com o id `generate-board`",
              "fullTitle": "10 - Faça o quadro de pixels ter seu tamanho definido pelo usuário. Verifica se existe um botão com o id `generate-board`",
              "timedOut": null,
              "duration": 4179,
              "state": "failed",
              "speed": null,
              "pass": false,
              "fail": true,
              "pending": false,
              "context": null,
              "code": "cy.get('#generate-board').should('be.visible');",
              "err": {
                "message": "CypressError: Timed out retrying: Expected to find element: '#generate-board', but never found it.",
                "estack": "CypressError: Timed out retrying: Expected to find element: '#generate-board', but never found it.\n    at cypressErr (http://localhost:45149/__cypress/runner/cypress_runner.js:149934:9)\n    at throwErr (http://localhost:45149/__cypress/runner/cypress_runner.js:149867:11)\n    at Object.throwErrByPath (http://localhost:45149/__cypress/runner/cypress_runner.js:149915:3)\n    at retry (http://localhost:45149/__cypress/runner/cypress_runner.js:144197:19)\n    at onFailFn (http://localhost:45149/__cypress/runner/cypress_runner.js:132448:16)\n    at tryCatcher (http://localhost:45149/__cypress/runner/cypress_runner.js:167415:23)\n    at Promise._settlePromiseFromHandler (http://localhost:45149/__cypress/runner/cypress_runner.js:165351:31)\n    at Promise._settlePromise (http://localhost:45149/__cypress/runner/cypress_runner.js:165408:18)\n    at Promise._settlePromise0 (http://localhost:45149/__cypress/runner/cypress_runner.js:165453:10)\n    at Promise._settlePromises (http://localhost:45149/__cypress/runner/cypress_runner.js:165528:18)\n    at Async../node_modules/bluebird/js/release/async.js.Async._drainQueue (http://localhost:45149/__cypress/runner/cypress_runner.js:162140:16)\n    at Async../node_modules/bluebird/js/release/async.js.Async._drainQueues (http://localhost:45149/__cypress/runner/cypress_runner.js:162150:10)\n    at Async.drainQueues (http://localhost:45149/__cypress/runner/cypress_runner.js:162024:14)",
                "diff": null
              },
              "uuid": "ee1bfa1d-a46d-488d-a29c-9a131fbc9e32",
              "parentUUID": "9594bb9e-de14-4c03-8294-4b4eea72370d",
              "isHook": false,
              "skipped": false
            },
            {
              "title": "Verifica se o input só aceita número maiores que zero. Essa restrição deve ser feita usando os atributos do elemento `input`",
              "fullTitle": "10 - Faça o quadro de pixels ter seu tamanho definido pelo usuário. Verifica se o input só aceita número maiores que zero. Essa restrição deve ser feita usando os atributos do elemento `input`",
              "timedOut": null,
              "duration": 4116,
              "state": "failed",
              "speed": null,
              "pass": false,
              "fail": true,
              "pending": false,
              "context": null,
              "code": "cy.get('#board-size[type=\\'number\\'][min=\\'1\\']');",
              "err": {
                "message": "CypressError: Timed out retrying: Expected to find element: '#board-size[type='number'][min='1']', but never found it.",
                "estack": "CypressError: Timed out retrying: Expected to find element: '#board-size[type='number'][min='1']', but never found it.\n    at cypressErr (http://localhost:45149/__cypress/runner/cypress_runner.js:149934:9)\n    at throwErr (http://localhost:45149/__cypress/runner/cypress_runner.js:149867:11)\n    at Object.throwErrByPath (http://localhost:45149/__cypress/runner/cypress_runner.js:149915:3)\n    at retry (http://localhost:45149/__cypress/runner/cypress_runner.js:144197:19)\n    at onFailFn (http://localhost:45149/__cypress/runner/cypress_runner.js:132448:16)\n    at tryCatcher (http://localhost:45149/__cypress/runner/cypress_runner.js:167415:23)\n    at Promise._settlePromiseFromHandler (http://localhost:45149/__cypress/runner/cypress_runner.js:165351:31)\n    at Promise._settlePromise (http://localhost:45149/__cypress/runner/cypress_runner.js:165408:18)\n    at Promise._settlePromise0 (http://localhost:45149/__cypress/runner/cypress_runner.js:165453:10)\n    at Promise._settlePromises (http://localhost:45149/__cypress/runner/cypress_runner.js:165528:18)\n    at Async../node_modules/bluebird/js/release/async.js.Async._drainQueue (http://localhost:45149/__cypress/runner/cypress_runner.js:162140:16)\n    at Async../node_modules/bluebird/js/release/async.js.Async._drainQueues (http://localhost:45149/__cypress/runner/cypress_runner.js:162150:10)\n    at Async.drainQueues (http://localhost:45149/__cypress/runner/cypress_runner.js:162024:14)",
                "diff": null
              },
              "uuid": "2ade0308-7655-42d4-960e-4887c6457747",
              "parentUUID": "9594bb9e-de14-4c03-8294-4b4eea72370d",
              "isHook": false,
              "skipped": false
            },
            {
              "title": "Verifica se o botão contém o texto 'VQV'",
              "fullTitle": "10 - Faça o quadro de pixels ter seu tamanho definido pelo usuário. Verifica se o botão contém o texto 'VQV'",
              "timedOut": null,
              "duration": 4122,
              "state": "failed",
              "speed": null,
              "pass": false,
              "fail": true,
              "pending": false,
              "context": null,
              "code": "cy.get('#generate-board').contains(/vqv/i);",
              "err": {
                "message": "CypressError: Timed out retrying: Expected to find element: '#generate-board', but never found it.",
                "estack": "CypressError: Timed out retrying: Expected to find element: '#generate-board', but never found it.\n    at cypressErr (http://localhost:45149/__cypress/runner/cypress_runner.js:149934:9)\n    at throwErr (http://localhost:45149/__cypress/runner/cypress_runner.js:149867:11)\n    at Object.throwErrByPath (http://localhost:45149/__cypress/runner/cypress_runner.js:149915:3)\n    at retry (http://localhost:45149/__cypress/runner/cypress_runner.js:144197:19)\n    at onFailFn (http://localhost:45149/__cypress/runner/cypress_runner.js:132448:16)\n    at tryCatcher (http://localhost:45149/__cypress/runner/cypress_runner.js:167415:23)\n    at Promise._settlePromiseFromHandler (http://localhost:45149/__cypress/runner/cypress_runner.js:165351:31)\n    at Promise._settlePromise (http://localhost:45149/__cypress/runner/cypress_runner.js:165408:18)\n    at Promise._settlePromise0 (http://localhost:45149/__cypress/runner/cypress_runner.js:165453:10)\n    at Promise._settlePromises (http://localhost:45149/__cypress/runner/cypress_runner.js:165528:18)\n    at Async../node_modules/bluebird/js/release/async.js.Async._drainQueue (http://localhost:45149/__cypress/runner/cypress_runner.js:162140:16)\n    at Async../node_modules/bluebird/js/release/async.js.Async._drainQueues (http://localhost:45149/__cypress/runner/cypress_runner.js:162150:10)\n    at Async.drainQueues (http://localhost:45149/__cypress/runner/cypress_runner.js:162024:14)",
                "diff": null
              },
              "uuid": "fb966f37-320c-47af-b67e-e741c4faec56",
              "parentUUID": "9594bb9e-de14-4c03-8294-4b4eea72370d",
              "isHook": false,
              "skipped": false
            },
            {
              "title": "Verifica se o input está posicionado entre a paleta de cores e o quadro de pixels",
              "fullTitle": "10 - Faça o quadro de pixels ter seu tamanho definido pelo usuário. Verifica se o input está posicionado entre a paleta de cores e o quadro de pixels",
              "timedOut": null,
              "duration": 4190,
              "state": "failed",
              "speed": null,
              "pass": false,
              "fail": true,
              "pending": false,
              "context": null,
              "code": "cy.get('#color-palette').then(function (palette) {\n  cy.get('#board-size').should('be.belowOf', palette);\n});\ncy.get('#board-size').then(function (palette) {\n  cy.get('#pixel-board').should('be.belowOf', palette);\n});",
              "err": {
                "message": "CypressError: Timed out retrying: Expected to find element: '#board-size', but never found it.",
                "estack": "CypressError: Timed out retrying: Expected to find element: '#board-size', but never found it.\n    at cypressErr (http://localhost:45149/__cypress/runner/cypress_runner.js:149934:9)\n    at throwErr (http://localhost:45149/__cypress/runner/cypress_runner.js:149867:11)\n    at Object.throwErrByPath (http://localhost:45149/__cypress/runner/cypress_runner.js:149915:3)\n    at retry (http://localhost:45149/__cypress/runner/cypress_runner.js:144197:19)\n    at onFailFn (http://localhost:45149/__cypress/runner/cypress_runner.js:132448:16)\n    at tryCatcher (http://localhost:45149/__cypress/runner/cypress_runner.js:167415:23)\n    at Promise._settlePromiseFromHandler (http://localhost:45149/__cypress/runner/cypress_runner.js:165351:31)\n    at Promise._settlePromise (http://localhost:45149/__cypress/runner/cypress_runner.js:165408:18)\n    at Promise._settlePromise0 (http://localhost:45149/__cypress/runner/cypress_runner.js:165453:10)\n    at Promise._settlePromises (http://localhost:45149/__cypress/runner/cypress_runner.js:165528:18)\n    at Async../node_modules/bluebird/js/release/async.js.Async._drainQueue (http://localhost:45149/__cypress/runner/cypress_runner.js:162140:16)\n    at Async../node_modules/bluebird/js/release/async.js.Async._drainQueues (http://localhost:45149/__cypress/runner/cypress_runner.js:162150:10)\n    at Async.drainQueues (http://localhost:45149/__cypress/runner/cypress_runner.js:162024:14)",
                "diff": null
              },
              "uuid": "3d3e3133-6ca0-44fa-ae30-bceb691f9b7d",
              "parentUUID": "9594bb9e-de14-4c03-8294-4b4eea72370d",
              "isHook": false,
              "skipped": false
            },
            {
              "title": "Verifica se o botão está posicionado ao lado do input",
              "fullTitle": "10 - Faça o quadro de pixels ter seu tamanho definido pelo usuário. Verifica se o botão está posicionado ao lado do input",
              "timedOut": null,
              "duration": 4106,
              "state": "failed",
              "speed": null,
              "pass": false,
              "fail": true,
              "pending": false,
              "context": null,
              "code": "cy.get('#board-size').then(function (board) {\n  cy.get('#generate-board').should('be.onTheRightOf', board);\n});",
              "err": {
                "message": "CypressError: Timed out retrying: Expected to find element: '#board-size', but never found it.",
                "estack": "CypressError: Timed out retrying: Expected to find element: '#board-size', but never found it.\n    at cypressErr (http://localhost:45149/__cypress/runner/cypress_runner.js:149934:9)\n    at throwErr (http://localhost:45149/__cypress/runner/cypress_runner.js:149867:11)\n    at Object.throwErrByPath (http://localhost:45149/__cypress/runner/cypress_runner.js:149915:3)\n    at retry (http://localhost:45149/__cypress/runner/cypress_runner.js:144197:19)\n    at onFailFn (http://localhost:45149/__cypress/runner/cypress_runner.js:132448:16)\n    at tryCatcher (http://localhost:45149/__cypress/runner/cypress_runner.js:167415:23)\n    at Promise._settlePromiseFromHandler (http://localhost:45149/__cypress/runner/cypress_runner.js:165351:31)\n    at Promise._settlePromise (http://localhost:45149/__cypress/runner/cypress_runner.js:165408:18)\n    at Promise._settlePromise0 (http://localhost:45149/__cypress/runner/cypress_runner.js:165453:10)\n    at Promise._settlePromises (http://localhost:45149/__cypress/runner/cypress_runner.js:165528:18)\n    at Async../node_modules/bluebird/js/release/async.js.Async._drainQueue (http://localhost:45149/__cypress/runner/cypress_runner.js:162140:16)\n    at Async../node_modules/bluebird/js/release/async.js.Async._drainQueues (http://localhost:45149/__cypress/runner/cypress_runner.js:162150:10)\n    at Async.drainQueues (http://localhost:45149/__cypress/runner/cypress_runner.js:162024:14)",
                "diff": null
              },
              "uuid": "d21cf69b-afc3-4ef5-810c-b37b3146e5e5",
              "parentUUID": "9594bb9e-de14-4c03-8294-4b4eea72370d",
              "isHook": false,
              "skipped": false
            },
            {
              "title": "Verifica se nenhum valor for colocado no input ao clicar no botão, um `alert` é exibido com o texto: 'Board inválido!'",
              "fullTitle": "10 - Faça o quadro de pixels ter seu tamanho definido pelo usuário. Verifica se nenhum valor for colocado no input ao clicar no botão, um `alert` é exibido com o texto: 'Board inválido!'",
              "timedOut": null,
              "duration": 4147,
              "state": "failed",
              "speed": null,
              "pass": false,
              "fail": true,
              "pending": false,
              "context": null,
              "code": "var alerted = false;\ncy.on('window:alert', function (msg) {\n  return alerted = msg;\n});\ncy.get('#generate-board').click().then(function () {\n  return expect(alerted).to.match(/Board inválido!/i);\n});",
              "err": {
                "message": "CypressError: Timed out retrying: Expected to find element: '#generate-board', but never found it.",
                "estack": "CypressError: Timed out retrying: Expected to find element: '#generate-board', but never found it.\n    at cypressErr (http://localhost:45149/__cypress/runner/cypress_runner.js:149934:9)\n    at throwErr (http://localhost:45149/__cypress/runner/cypress_runner.js:149867:11)\n    at Object.throwErrByPath (http://localhost:45149/__cypress/runner/cypress_runner.js:149915:3)\n    at retry (http://localhost:45149/__cypress/runner/cypress_runner.js:144197:19)\n    at onFailFn (http://localhost:45149/__cypress/runner/cypress_runner.js:132448:16)\n    at tryCatcher (http://localhost:45149/__cypress/runner/cypress_runner.js:167415:23)\n    at Promise._settlePromiseFromHandler (http://localhost:45149/__cypress/runner/cypress_runner.js:165351:31)\n    at Promise._settlePromise (http://localhost:45149/__cypress/runner/cypress_runner.js:165408:18)\n    at Promise._settlePromise0 (http://localhost:45149/__cypress/runner/cypress_runner.js:165453:10)\n    at Promise._settlePromises (http://localhost:45149/__cypress/runner/cypress_runner.js:165528:18)\n    at Async../node_modules/bluebird/js/release/async.js.Async._drainQueue (http://localhost:45149/__cypress/runner/cypress_runner.js:162140:16)\n    at Async../node_modules/bluebird/js/release/async.js.Async._drainQueues (http://localhost:45149/__cypress/runner/cypress_runner.js:162150:10)\n    at Async.drainQueues (http://localhost:45149/__cypress/runner/cypress_runner.js:162024:14)",
                "diff": null
              },
              "uuid": "c7c87207-f731-4a03-a9fd-c56ba6b0e4e0",
              "parentUUID": "9594bb9e-de14-4c03-8294-4b4eea72370d",
              "isHook": false,
              "skipped": false
            },
            {
              "title": "Verifica se ao clicar no botão com um valor preenchido, o tamanho do board muda.",
              "fullTitle": "10 - Faça o quadro de pixels ter seu tamanho definido pelo usuário. Verifica se ao clicar no botão com um valor preenchido, o tamanho do board muda.",
              "timedOut": null,
              "duration": 4113,
              "state": "failed",
              "speed": null,
              "pass": false,
              "fail": true,
              "pending": false,
              "context": null,
              "code": "cy.get('#board-size').clear().type(10);\ncy.get('#generate-board').click();\ncy.get('.pixel').should('have.length', 100);",
              "err": {
                "message": "CypressError: Timed out retrying: Expected to find element: '#board-size', but never found it.",
                "estack": "CypressError: Timed out retrying: Expected to find element: '#board-size', but never found it.\n    at cypressErr (http://localhost:45149/__cypress/runner/cypress_runner.js:149934:9)\n    at throwErr (http://localhost:45149/__cypress/runner/cypress_runner.js:149867:11)\n    at Object.throwErrByPath (http://localhost:45149/__cypress/runner/cypress_runner.js:149915:3)\n    at retry (http://localhost:45149/__cypress/runner/cypress_runner.js:144197:19)\n    at onFailFn (http://localhost:45149/__cypress/runner/cypress_runner.js:132448:16)\n    at tryCatcher (http://localhost:45149/__cypress/runner/cypress_runner.js:167415:23)\n    at Promise._settlePromiseFromHandler (http://localhost:45149/__cypress/runner/cypress_runner.js:165351:31)\n    at Promise._settlePromise (http://localhost:45149/__cypress/runner/cypress_runner.js:165408:18)\n    at Promise._settlePromise0 (http://localhost:45149/__cypress/runner/cypress_runner.js:165453:10)\n    at Promise._settlePromises (http://localhost:45149/__cypress/runner/cypress_runner.js:165528:18)\n    at Async../node_modules/bluebird/js/release/async.js.Async._drainQueue (http://localhost:45149/__cypress/runner/cypress_runner.js:162140:16)\n    at Async../node_modules/bluebird/js/release/async.js.Async._drainQueues (http://localhost:45149/__cypress/runner/cypress_runner.js:162150:10)\n    at Async.drainQueues (http://localhost:45149/__cypress/runner/cypress_runner.js:162024:14)",
                "diff": null
              },
              "uuid": "48b8124e-468c-4477-8416-f553dc8146aa",
              "parentUUID": "9594bb9e-de14-4c03-8294-4b4eea72370d",
              "isHook": false,
              "skipped": false
            },
            {
              "title": "Verifica se o novo quadro tem todos os pixels preenchidos com a cor branca",
              "fullTitle": "10 - Faça o quadro de pixels ter seu tamanho definido pelo usuário. Verifica se o novo quadro tem todos os pixels preenchidos com a cor branca",
              "timedOut": null,
              "duration": 4125,
              "state": "failed",
              "speed": null,
              "pass": false,
              "fail": true,
              "pending": false,
              "context": null,
              "code": "cy.get('#board-size').clear().type(6);\ncy.get('#generate-board').click();\ncy.get('.pixel').should('have.length', 36).each(function (pixel) {\n  expect(pixel).to.have.css('background-color', WHITE);\n});",
              "err": {
                "message": "CypressError: Timed out retrying: Expected to find element: '#board-size', but never found it.",
                "estack": "CypressError: Timed out retrying: Expected to find element: '#board-size', but never found it.\n    at cypressErr (http://localhost:45149/__cypress/runner/cypress_runner.js:149934:9)\n    at throwErr (http://localhost:45149/__cypress/runner/cypress_runner.js:149867:11)\n    at Object.throwErrByPath (http://localhost:45149/__cypress/runner/cypress_runner.js:149915:3)\n    at retry (http://localhost:45149/__cypress/runner/cypress_runner.js:144197:19)\n    at onFailFn (http://localhost:45149/__cypress/runner/cypress_runner.js:132448:16)\n    at tryCatcher (http://localhost:45149/__cypress/runner/cypress_runner.js:167415:23)\n    at Promise._settlePromiseFromHandler (http://localhost:45149/__cypress/runner/cypress_runner.js:165351:31)\n    at Promise._settlePromise (http://localhost:45149/__cypress/runner/cypress_runner.js:165408:18)\n    at Promise._settlePromise0 (http://localhost:45149/__cypress/runner/cypress_runner.js:165453:10)\n    at Promise._settlePromises (http://localhost:45149/__cypress/runner/cypress_runner.js:165528:18)\n    at Async../node_modules/bluebird/js/release/async.js.Async._drainQueue (http://localhost:45149/__cypress/runner/cypress_runner.js:162140:16)\n    at Async../node_modules/bluebird/js/release/async.js.Async._drainQueues (http://localhost:45149/__cypress/runner/cypress_runner.js:162150:10)\n    at Async.drainQueues (http://localhost:45149/__cypress/runner/cypress_runner.js:162024:14)",
                "diff": null
              },
              "uuid": "b212faed-37ae-418a-9b1e-6260e933e4e6",
              "parentUUID": "9594bb9e-de14-4c03-8294-4b4eea72370d",
              "isHook": false,
              "skipped": false
            }
          ],
          "suites": [],
          "passes": [],
          "failures": [
            "80312185-60a9-4d5a-a6de-f14e5d54061a",
            "ee1bfa1d-a46d-488d-a29c-9a131fbc9e32",
            "2ade0308-7655-42d4-960e-4887c6457747",
            "fb966f37-320c-47af-b67e-e741c4faec56",
            "3d3e3133-6ca0-44fa-ae30-bceb691f9b7d",
            "d21cf69b-afc3-4ef5-810c-b37b3146e5e5",
            "c7c87207-f731-4a03-a9fd-c56ba6b0e4e0",
            "48b8124e-468c-4477-8416-f553dc8146aa",
            "b212faed-37ae-418a-9b1e-6260e933e4e6"
          ],
          "pending": [],
          "skipped": [],
          "duration": 37230,
          "root": false,
          "rootEmpty": false,
          "_timeout": 2000
        },
        {
          "uuid": "e18f61e7-130d-4881-9aab-cfc5fe1759cd",
          "title": "11 - Limite o tamanho mínimo e máximo do board.",
          "fullFile": "",
          "file": "",
          "beforeHooks": [],
          "afterHooks": [],
          "tests": [
            {
              "title": "Verifica se a altura máxima do board é 50",
              "fullTitle": "11 - Limite o tamanho mínimo e máximo do board. Verifica se a altura máxima do board é 50",
              "timedOut": null,
              "duration": 4138,
              "state": "failed",
              "speed": null,
              "pass": false,
              "fail": true,
              "pending": false,
              "context": null,
              "code": "cy.get('#board-size').clear().type(50);\ncy.get('#generate-board').click();\ncy.get('.pixel').should('have.length', 2500);",
              "err": {
                "message": "CypressError: Timed out retrying: Expected to find element: '#board-size', but never found it.",
                "estack": "CypressError: Timed out retrying: Expected to find element: '#board-size', but never found it.\n    at cypressErr (http://localhost:45149/__cypress/runner/cypress_runner.js:149934:9)\n    at throwErr (http://localhost:45149/__cypress/runner/cypress_runner.js:149867:11)\n    at Object.throwErrByPath (http://localhost:45149/__cypress/runner/cypress_runner.js:149915:3)\n    at retry (http://localhost:45149/__cypress/runner/cypress_runner.js:144197:19)\n    at onFailFn (http://localhost:45149/__cypress/runner/cypress_runner.js:132448:16)\n    at tryCatcher (http://localhost:45149/__cypress/runner/cypress_runner.js:167415:23)\n    at Promise._settlePromiseFromHandler (http://localhost:45149/__cypress/runner/cypress_runner.js:165351:31)\n    at Promise._settlePromise (http://localhost:45149/__cypress/runner/cypress_runner.js:165408:18)\n    at Promise._settlePromise0 (http://localhost:45149/__cypress/runner/cypress_runner.js:165453:10)\n    at Promise._settlePromises (http://localhost:45149/__cypress/runner/cypress_runner.js:165528:18)\n    at Async../node_modules/bluebird/js/release/async.js.Async._drainQueue (http://localhost:45149/__cypress/runner/cypress_runner.js:162140:16)\n    at Async../node_modules/bluebird/js/release/async.js.Async._drainQueues (http://localhost:45149/__cypress/runner/cypress_runner.js:162150:10)\n    at Async.drainQueues (http://localhost:45149/__cypress/runner/cypress_runner.js:162024:14)",
                "diff": null
              },
              "uuid": "10db426a-84b7-45a9-8bbb-ccdc294f9539",
              "parentUUID": "e18f61e7-130d-4881-9aab-cfc5fe1759cd",
              "isHook": false,
              "skipped": false
            },
            {
              "title": "Verifica se a altura do board é 5 quando um valor menor é colocado no input",
              "fullTitle": "11 - Limite o tamanho mínimo e máximo do board. Verifica se a altura do board é 5 quando um valor menor é colocado no input",
              "timedOut": null,
              "duration": 4124,
              "state": "failed",
              "speed": null,
              "pass": false,
              "fail": true,
              "pending": false,
              "context": null,
              "code": "cy.get('#board-size').clear().type(4);\ncy.get('#generate-board').click();\ncy.get('.pixel').should('have.length', 25);",
              "err": {
                "message": "CypressError: Timed out retrying: Expected to find element: '#board-size', but never found it.",
                "estack": "CypressError: Timed out retrying: Expected to find element: '#board-size', but never found it.\n    at cypressErr (http://localhost:45149/__cypress/runner/cypress_runner.js:149934:9)\n    at throwErr (http://localhost:45149/__cypress/runner/cypress_runner.js:149867:11)\n    at Object.throwErrByPath (http://localhost:45149/__cypress/runner/cypress_runner.js:149915:3)\n    at retry (http://localhost:45149/__cypress/runner/cypress_runner.js:144197:19)\n    at onFailFn (http://localhost:45149/__cypress/runner/cypress_runner.js:132448:16)\n    at tryCatcher (http://localhost:45149/__cypress/runner/cypress_runner.js:167415:23)\n    at Promise._settlePromiseFromHandler (http://localhost:45149/__cypress/runner/cypress_runner.js:165351:31)\n    at Promise._settlePromise (http://localhost:45149/__cypress/runner/cypress_runner.js:165408:18)\n    at Promise._settlePromise0 (http://localhost:45149/__cypress/runner/cypress_runner.js:165453:10)\n    at Promise._settlePromises (http://localhost:45149/__cypress/runner/cypress_runner.js:165528:18)\n    at Async../node_modules/bluebird/js/release/async.js.Async._drainQueue (http://localhost:45149/__cypress/runner/cypress_runner.js:162140:16)\n    at Async../node_modules/bluebird/js/release/async.js.Async._drainQueues (http://localhost:45149/__cypress/runner/cypress_runner.js:162150:10)\n    at Async.drainQueues (http://localhost:45149/__cypress/runner/cypress_runner.js:162024:14)",
                "diff": null
              },
              "uuid": "3c694c43-60ed-451d-9067-859eed12e9fd",
              "parentUUID": "e18f61e7-130d-4881-9aab-cfc5fe1759cd",
              "isHook": false,
              "skipped": false
            },
            {
              "title": "Verifica se a altura do board é 50 quando um valor maior é colocado no input",
              "fullTitle": "11 - Limite o tamanho mínimo e máximo do board. Verifica se a altura do board é 50 quando um valor maior é colocado no input",
              "timedOut": null,
              "duration": 4144,
              "state": "failed",
              "speed": null,
              "pass": false,
              "fail": true,
              "pending": false,
              "context": null,
              "code": "cy.get('#board-size').clear().type(51);\ncy.get('#generate-board').click();\ncy.get('.pixel').should('have.length', 2500);",
              "err": {
                "message": "CypressError: Timed out retrying: Expected to find element: '#board-size', but never found it.",
                "estack": "CypressError: Timed out retrying: Expected to find element: '#board-size', but never found it.\n    at cypressErr (http://localhost:45149/__cypress/runner/cypress_runner.js:149934:9)\n    at throwErr (http://localhost:45149/__cypress/runner/cypress_runner.js:149867:11)\n    at Object.throwErrByPath (http://localhost:45149/__cypress/runner/cypress_runner.js:149915:3)\n    at retry (http://localhost:45149/__cypress/runner/cypress_runner.js:144197:19)\n    at onFailFn (http://localhost:45149/__cypress/runner/cypress_runner.js:132448:16)\n    at tryCatcher (http://localhost:45149/__cypress/runner/cypress_runner.js:167415:23)\n    at Promise._settlePromiseFromHandler (http://localhost:45149/__cypress/runner/cypress_runner.js:165351:31)\n    at Promise._settlePromise (http://localhost:45149/__cypress/runner/cypress_runner.js:165408:18)\n    at Promise._settlePromise0 (http://localhost:45149/__cypress/runner/cypress_runner.js:165453:10)\n    at Promise._settlePromises (http://localhost:45149/__cypress/runner/cypress_runner.js:165528:18)\n    at Async../node_modules/bluebird/js/release/async.js.Async._drainQueue (http://localhost:45149/__cypress/runner/cypress_runner.js:162140:16)\n    at Async../node_modules/bluebird/js/release/async.js.Async._drainQueues (http://localhost:45149/__cypress/runner/cypress_runner.js:162150:10)\n    at Async.drainQueues (http://localhost:45149/__cypress/runner/cypress_runner.js:162024:14)",
                "diff": null
              },
              "uuid": "da1f6f3a-8d44-4993-ae8b-b04428b04037",
              "parentUUID": "e18f61e7-130d-4881-9aab-cfc5fe1759cd",
              "isHook": false,
              "skipped": false
            }
          ],
          "suites": [],
          "passes": [],
          "failures": [
            "10db426a-84b7-45a9-8bbb-ccdc294f9539",
            "3c694c43-60ed-451d-9067-859eed12e9fd",
            "da1f6f3a-8d44-4993-ae8b-b04428b04037"
          ],
          "pending": [],
          "skipped": [],
          "duration": 12406,
          "root": false,
          "rootEmpty": false,
          "_timeout": 2000
        },
        {
          "uuid": "6d7fcb96-a130-4004-96f7-3eaea187442c",
          "title": "12 - Faça com que as cores da paleta sejam geradas aleatoriamente ao carregar a página.",
          "fullFile": "",
          "file": "",
          "beforeHooks": [],
          "afterHooks": [],
          "tests": [
            {
              "title": "Verifica se as cores geradas na paleta são diferentes a cada carregamento da página",
              "fullTitle": "12 - Faça com que as cores da paleta sejam geradas aleatoriamente ao carregar a página. Verifica se as cores geradas na paleta são diferentes a cada carregamento da página",
              "timedOut": null,
              "duration": 174,
              "state": "failed",
              "speed": null,
              "pass": false,
              "fail": true,
              "pending": false,
              "context": null,
              "code": "cy.get('.color').then(function (colors) {\n  var currentColors;\n  var previousColors;\n  previousColors = Array.from(colors).map(function (color) {\n    return Cypress.$(color).css('background-color');\n  });\n  for (var i = 0; i < 5; i += 1) {\n    cy.reload();\n    cy.get('.color').then(function (colors) {\n      currentColors = Array.from(colors).map(function (color) {\n        return Cypress.$(color).css('background-color');\n      });\n      expect(currentColors).not.to.deep.equal(previousColors);\n      previousColors = currentColors;\n    });\n  }\n});",
              "err": {
                "message": "AssertionError: expected [ Array(4) ] to not deeply equal [ Array(4) ]",
                "estack": "AssertionError: expected [ Array(4) ] to not deeply equal [ Array(4) ]\n    at getRet (http://localhost:45149/__cypress/runner/cypress_runner.js:136585:16)\n    at tryCatcher (http://localhost:45149/__cypress/runner/cypress_runner.js:167415:23)\n    at Function.Promise.attempt.Promise.try (http://localhost:45149/__cypress/runner/cypress_runner.js:164690:29)\n    at Context.thenFn (http://localhost:45149/__cypress/runner/cypress_runner.js:136599:23)\n    at Context.then (http://localhost:45149/__cypress/runner/cypress_runner.js:136971:21)\n    at Context.<anonymous> (http://localhost:45149/__cypress/runner/cypress_runner.js:148875:21)\n    at http://localhost:45149/__cypress/runner/cypress_runner.js:148351:33\n    at tryCatcher (http://localhost:45149/__cypress/runner/cypress_runner.js:167415:23)\n    at Promise._settlePromiseFromHandler (http://localhost:45149/__cypress/runner/cypress_runner.js:165351:31)\n    at Promise._settlePromise (http://localhost:45149/__cypress/runner/cypress_runner.js:165408:18)\n    at Promise._settlePromiseCtx (http://localhost:45149/__cypress/runner/cypress_runner.js:165445:10)\n    at Async../node_modules/bluebird/js/release/async.js.Async._drainQueue (http://localhost:45149/__cypress/runner/cypress_runner.js:162145:12)\n    at Async../node_modules/bluebird/js/release/async.js.Async._drainQueues (http://localhost:45149/__cypress/runner/cypress_runner.js:162150:10)\n    at Async.drainQueues (http://localhost:45149/__cypress/runner/cypress_runner.js:162024:14)",
                "diff": ""
              },
              "uuid": "c4fe5b41-990c-47ef-b373-c7d8f3d8b645",
              "parentUUID": "6d7fcb96-a130-4004-96f7-3eaea187442c",
              "isHook": false,
              "skipped": false
            },
            {
              "title": "Verifica se a cor preta ainda está presente e é a primeira na sua paleta de cores",
              "fullTitle": "12 - Faça com que as cores da paleta sejam geradas aleatoriamente ao carregar a página. Verifica se a cor preta ainda está presente e é a primeira na sua paleta de cores",
              "timedOut": null,
              "duration": 99,
              "state": "failed",
              "speed": null,
              "pass": false,
              "fail": true,
              "pending": false,
              "context": null,
              "code": "cy.get('.color').then(function (colors) {\n  var currentColors;\n  var previousColors;\n  previousColors = Array.from(colors).map(function (color) {\n    return Cypress.$(color).css('background-color');\n  });\n  expect(previousColors[0]).to.eq(BLACK);\n  for (var i = 0; i < 5; i += 1) {\n    cy.reload();\n    cy.get('.color').then(function (colors) {\n      currentColors = Array.from(colors).map(function (color) {\n        return Cypress.$(color).css('background-color');\n      });\n      expect(currentColors[0]).to.eq(BLACK);\n      expect(currentColors).not.to.deep.equal(previousColors);\n      previousColors = currentColors;\n    });\n  }\n});",
              "err": {
                "message": "AssertionError: expected [ Array(4) ] to not deeply equal [ Array(4) ]",
                "estack": "AssertionError: expected [ Array(4) ] to not deeply equal [ Array(4) ]\n    at getRet (http://localhost:45149/__cypress/runner/cypress_runner.js:136585:16)\n    at tryCatcher (http://localhost:45149/__cypress/runner/cypress_runner.js:167415:23)\n    at Function.Promise.attempt.Promise.try (http://localhost:45149/__cypress/runner/cypress_runner.js:164690:29)\n    at Context.thenFn (http://localhost:45149/__cypress/runner/cypress_runner.js:136599:23)\n    at Context.then (http://localhost:45149/__cypress/runner/cypress_runner.js:136971:21)\n    at Context.<anonymous> (http://localhost:45149/__cypress/runner/cypress_runner.js:148875:21)\n    at http://localhost:45149/__cypress/runner/cypress_runner.js:148351:33\n    at tryCatcher (http://localhost:45149/__cypress/runner/cypress_runner.js:167415:23)\n    at Promise._settlePromiseFromHandler (http://localhost:45149/__cypress/runner/cypress_runner.js:165351:31)\n    at Promise._settlePromise (http://localhost:45149/__cypress/runner/cypress_runner.js:165408:18)\n    at Promise._settlePromiseCtx (http://localhost:45149/__cypress/runner/cypress_runner.js:165445:10)\n    at Async../node_modules/bluebird/js/release/async.js.Async._drainQueue (http://localhost:45149/__cypress/runner/cypress_runner.js:162145:12)\n    at Async../node_modules/bluebird/js/release/async.js.Async._drainQueues (http://localhost:45149/__cypress/runner/cypress_runner.js:162150:10)\n    at Async.drainQueues (http://localhost:45149/__cypress/runner/cypress_runner.js:162024:14)",
                "diff": ""
              },
              "uuid": "93b1fc4b-97bb-4a86-ab19-aafa27c3a5d1",
              "parentUUID": "6d7fcb96-a130-4004-96f7-3eaea187442c",
              "isHook": false,
              "skipped": false
            }
          ],
          "suites": [],
          "passes": [],
          "failures": [
            "c4fe5b41-990c-47ef-b373-c7d8f3d8b645",
            "93b1fc4b-97bb-4a86-ab19-aafa27c3a5d1"
          ],
          "pending": [],
          "skipped": [],
          "duration": 273,
          "root": false,
          "rootEmpty": false,
          "_timeout": 2000
        }
      ],
      "passes": [],
      "failures": [],
      "pending": [],
      "skipped": [],
      "duration": 0,
      "root": true,
      "rootEmpty": true,
      "_timeout": 2000
    }
  ],
  "meta": {
    "mocha": {
      "version": "7.0.1"
    },
    "mochawesome": {
      "options": {
        "quiet": false,
        "reportFilename": "mochawesome",
        "saveHtml": false,
        "saveJson": true,
        "consoleReporter": "spec",
        "useInlineDiffs": false
      },
      "version": "4.1.0"
    },
    "marge": {
      "options": {
        "id": "default",
        "reportDir": "cypress/reports",
        "overwrite": true,
        "html": false,
        "json": true
      },
      "version": "4.1.0"
    }
  }
}