{
  "stats": {
    "suites": 12,
    "tests": 41,
    "passes": 24,
    "pending": 0,
    "failures": 17,
    "start": "2022-07-05T00:07:33.646Z",
    "end": "2022-07-05T00:08:51.225Z",
    "duration": 77579,
    "testsRegistered": 41,
    "passPercent": 58.536585365853654,
    "pendingPercent": 0,
    "other": 0,
    "hasOther": false,
    "skipped": 0,
    "hasSkipped": false
  },
  "results": [
    {
      "uuid": "d6a85250-3270-4afe-bda9-4db4d5f51bb4",
      "title": "",
      "fullFile": "cypress/integration/project.spec.js",
      "file": "cypress/integration/project.spec.js",
      "beforeHooks": [],
      "afterHooks": [],
      "tests": [],
      "suites": [
        {
          "uuid": "6e7c2b02-44d1-4cba-ad32-8b0edf15dbd9",
          "title": "1 - Adicione à página o título \"Paleta de Cores\".",
          "fullFile": "",
          "file": "",
          "beforeHooks": [],
          "afterHooks": [],
          "tests": [
            {
              "title": "Verifica se contém um elemento `h1` com o id `title` com o título correto",
              "fullTitle": "1 - Adicione à página o título \"Paleta de Cores\". Verifica se contém um elemento `h1` com o id `title` com o título correto",
              "timedOut": null,
              "duration": 143,
              "state": "passed",
              "speed": "slow",
              "pass": true,
              "fail": false,
              "pending": false,
              "context": null,
              "code": "cy.get('h1#title').should('contain.text', 'Paleta de Cores');",
              "err": {},
              "uuid": "d20b806e-9a6b-47b2-84d9-725cb930a094",
              "parentUUID": "6e7c2b02-44d1-4cba-ad32-8b0edf15dbd9",
              "isHook": false,
              "skipped": false
            }
          ],
          "suites": [],
          "passes": [
            "d20b806e-9a6b-47b2-84d9-725cb930a094"
          ],
          "failures": [],
          "pending": [],
          "skipped": [],
          "duration": 143,
          "root": false,
          "rootEmpty": false,
          "_timeout": 2000
        },
        {
          "uuid": "cb4e550c-1dbb-43af-ae8d-2a6be443c55c",
          "title": "2 - Adicione à página uma paleta de quatro cores distintas.",
          "fullFile": "",
          "file": "",
          "beforeHooks": [],
          "afterHooks": [],
          "tests": [
            {
              "title": "A paleta de cores deve ser um elemento com `id` denominado `color-palette` e ter mais de 0px de altura e de largura.",
              "fullTitle": "2 - Adicione à página uma paleta de quatro cores distintas. A paleta de cores deve ser um elemento com `id` denominado `color-palette` e ter mais de 0px de altura e de largura.",
              "timedOut": null,
              "duration": 85,
              "state": "passed",
              "speed": "slow",
              "pass": true,
              "fail": false,
              "pending": false,
              "context": null,
              "code": "cy.get('#color-palette').should('be.visible');\ncy.get('#color-palette').children('.color');",
              "err": {},
              "uuid": "c63cb9d0-50a4-4111-b0fd-362348002782",
              "parentUUID": "cb4e550c-1dbb-43af-ae8d-2a6be443c55c",
              "isHook": false,
              "skipped": false
            },
            {
              "title": "Verifica se cada cor individual da paleta de cores possui a `classe` chamada `color`.",
              "fullTitle": "2 - Adicione à página uma paleta de quatro cores distintas. Verifica se cada cor individual da paleta de cores possui a `classe` chamada `color`.",
              "timedOut": null,
              "duration": 138,
              "state": "passed",
              "speed": "slow",
              "pass": true,
              "fail": false,
              "pending": false,
              "context": null,
              "code": "cy.get('.color').should('have.length', 4).then(function (colors) {\n  for (var i = 0; i < colors.length; i++) {\n    cy.wrap(colors[i]).should('be.visible');\n  }\n});",
              "err": {},
              "uuid": "02fbac9f-8973-4870-9b7e-5f978bfe29ec",
              "parentUUID": "cb4e550c-1dbb-43af-ae8d-2a6be443c55c",
              "isHook": false,
              "skipped": false
            },
            {
              "title": "Verifica se a cor de fundo de cada elemento da paleta é a cor que o elemento representa. **A única cor não permitida na paleta é a cor branca.**",
              "fullTitle": "2 - Adicione à página uma paleta de quatro cores distintas. Verifica se a cor de fundo de cada elemento da paleta é a cor que o elemento representa. **A única cor não permitida na paleta é a cor branca.**",
              "timedOut": null,
              "duration": 119,
              "state": "passed",
              "speed": "slow",
              "pass": true,
              "fail": false,
              "pending": false,
              "context": null,
              "code": "cy.get('.color').each(function (color) {\n  cy.wrap(color).should('have.class', 'color').and('not.have.css', 'background-color', WHITE);\n  cy.wrap(color).should('have.css', 'background-color');\n});",
              "err": {},
              "uuid": "36462a72-de2b-42d8-9bb8-7d4555831e3f",
              "parentUUID": "cb4e550c-1dbb-43af-ae8d-2a6be443c55c",
              "isHook": false,
              "skipped": false
            },
            {
              "title": "Verifica se cada elemento da paleta de cores tem uma borda preta, sólida e com 1 pixel de largura;",
              "fullTitle": "2 - Adicione à página uma paleta de quatro cores distintas. Verifica se cada elemento da paleta de cores tem uma borda preta, sólida e com 1 pixel de largura;",
              "timedOut": null,
              "duration": 151,
              "state": "passed",
              "speed": "slow",
              "pass": true,
              "fail": false,
              "pending": false,
              "context": null,
              "code": "cy.get('.color').each(function (color) {\n  cy.wrap(color).and('have.css', 'border', \"1px solid \".concat(BLACK)).and('have.class', 'color');\n});",
              "err": {},
              "uuid": "439771dd-0496-4462-8898-afe57cbd19c6",
              "parentUUID": "cb4e550c-1dbb-43af-ae8d-2a6be443c55c",
              "isHook": false,
              "skipped": false
            },
            {
              "title": "Verifica se a paleta lista todas as cores disponíveis para utilização, lado a lado.",
              "fullTitle": "2 - Adicione à página uma paleta de quatro cores distintas. Verifica se a paleta lista todas as cores disponíveis para utilização, lado a lado.",
              "timedOut": null,
              "duration": 114,
              "state": "passed",
              "speed": "slow",
              "pass": true,
              "fail": false,
              "pending": false,
              "context": null,
              "code": "cy.get('.color').then(function (colors) {\n  for (var index = 1; index < colors.length; index += 1) {\n    var currentColor = colors[index];\n    var previousColor = colors[index - 1];\n    cy.wrap(currentColor).should('be.onTheRightOf', previousColor).and('be.horizontallyAlignedWith', previousColor);\n  }\n});",
              "err": {},
              "uuid": "8e8848f6-5e3c-4367-bd7d-add7d0ab3471",
              "parentUUID": "cb4e550c-1dbb-43af-ae8d-2a6be443c55c",
              "isHook": false,
              "skipped": false
            },
            {
              "title": "Verifica se a paleta de cores está posicionada abaixo do título 'Paleta de Cores'",
              "fullTitle": "2 - Adicione à página uma paleta de quatro cores distintas. Verifica se a paleta de cores está posicionada abaixo do título 'Paleta de Cores'",
              "timedOut": null,
              "duration": 131,
              "state": "passed",
              "speed": "slow",
              "pass": true,
              "fail": false,
              "pending": false,
              "context": null,
              "code": "cy.get('h1#title').then(function (title) {\n  cy.get('#color-palette').should('be.belowOf', title);\n});",
              "err": {},
              "uuid": "e7ded91b-e0a7-43e2-943d-9ce9f0fc82a6",
              "parentUUID": "cb4e550c-1dbb-43af-ae8d-2a6be443c55c",
              "isHook": false,
              "skipped": false
            },
            {
              "title": "Verifica se a paleta de cores não contém cores repetidas.",
              "fullTitle": "2 - Adicione à página uma paleta de quatro cores distintas. Verifica se a paleta de cores não contém cores repetidas.",
              "timedOut": null,
              "duration": 83,
              "state": "passed",
              "speed": "slow",
              "pass": true,
              "fail": false,
              "pending": false,
              "context": null,
              "code": "cy.get('.color').then(function (colors) {\n  var allColors = Array.from(colors).map(function (color) {\n    return Cypress.$(color).css('background-color');\n  });\n  cy.log(allColors);\n  var uniqColors = (0, _toConsumableArray2[\"default\"])(new Set(allColors));\n  cy.log(uniqColors);\n  expect(allColors.length).to.eq(uniqColors.length);\n});",
              "err": {},
              "uuid": "8c1974ec-7793-4647-9a7d-5ac0c8af3bb3",
              "parentUUID": "cb4e550c-1dbb-43af-ae8d-2a6be443c55c",
              "isHook": false,
              "skipped": false
            }
          ],
          "suites": [],
          "passes": [
            "c63cb9d0-50a4-4111-b0fd-362348002782",
            "02fbac9f-8973-4870-9b7e-5f978bfe29ec",
            "36462a72-de2b-42d8-9bb8-7d4555831e3f",
            "439771dd-0496-4462-8898-afe57cbd19c6",
            "8e8848f6-5e3c-4367-bd7d-add7d0ab3471",
            "e7ded91b-e0a7-43e2-943d-9ce9f0fc82a6",
            "8c1974ec-7793-4647-9a7d-5ac0c8af3bb3"
          ],
          "failures": [],
          "pending": [],
          "skipped": [],
          "duration": 821,
          "root": false,
          "rootEmpty": false,
          "_timeout": 2000
        },
        {
          "uuid": "2df94064-d386-4c7e-89f7-107b1c78b77f",
          "title": "3 - Adicione a cor **preta** como a primeira cor da paleta de cores.",
          "fullFile": "",
          "file": "",
          "beforeHooks": [],
          "afterHooks": [],
          "tests": [
            {
              "title": "Verifica se a primeira cor da paleta é preta",
              "fullTitle": "3 - Adicione a cor **preta** como a primeira cor da paleta de cores. Verifica se a primeira cor da paleta é preta",
              "timedOut": null,
              "duration": 87,
              "state": "passed",
              "speed": "slow",
              "pass": true,
              "fail": false,
              "pending": false,
              "context": null,
              "code": "cy.get('.color').first().should('have.css', 'background-color', BLACK);",
              "err": {},
              "uuid": "6e02c6d5-f9c3-4417-9879-e017c6a6f178",
              "parentUUID": "2df94064-d386-4c7e-89f7-107b1c78b77f",
              "isHook": false,
              "skipped": false
            },
            {
              "title": "Verifica se as demais cores podem ser escolhidas livremente.",
              "fullTitle": "3 - Adicione a cor **preta** como a primeira cor da paleta de cores. Verifica se as demais cores podem ser escolhidas livremente.",
              "timedOut": null,
              "duration": 166,
              "state": "passed",
              "speed": "slow",
              "pass": true,
              "fail": false,
              "pending": false,
              "context": null,
              "code": "cy.get('.color').eq(1).should('not.have.css', 'background-color', BLACK);\ncy.get('.color').eq(1).should('not.have.css', 'background-color', WHITE);\ncy.get('.color').eq(1).should('not.have.css', 'background-color', 'rgba(0, 0, 0, 0)');\ncy.get('.color').eq(1).should('have.css', 'background-color');\ncy.get('.color').eq(2).should('not.have.css', 'background-color', BLACK);\ncy.get('.color').eq(2).should('not.have.css', 'background-color', WHITE);\ncy.get('.color').eq(2).should('not.have.css', 'background-color', 'rgba(0, 0, 0, 0)');\ncy.get('.color').eq(2).should('have.css', 'background-color');\ncy.get('.color').eq(3).should('not.have.css', 'background-color', BLACK);\ncy.get('.color').eq(3).should('not.have.css', 'background-color', WHITE);\ncy.get('.color').eq(3).should('not.have.css', 'background-color', 'rgba(0, 0, 0, 0)');\ncy.get('.color').eq(3).should('have.css', 'background-color');",
              "err": {},
              "uuid": "26108c4d-8ef1-4643-a95a-8356533b7e1f",
              "parentUUID": "2df94064-d386-4c7e-89f7-107b1c78b77f",
              "isHook": false,
              "skipped": false
            }
          ],
          "suites": [],
          "passes": [
            "6e02c6d5-f9c3-4417-9879-e017c6a6f178",
            "26108c4d-8ef1-4643-a95a-8356533b7e1f"
          ],
          "failures": [],
          "pending": [],
          "skipped": [],
          "duration": 253,
          "root": false,
          "rootEmpty": false,
          "_timeout": 2000
        },
        {
          "uuid": "a1ead23c-3c74-43cb-920f-d185b11880e9",
          "title": "4 - Adicione à página um quadro de pixels, com 25 pixels.",
          "fullFile": "",
          "file": "",
          "beforeHooks": [],
          "afterHooks": [],
          "tests": [
            {
              "title": "Verifica se o quadro de pixels possui o `id` denominado `pixel-board`",
              "fullTitle": "4 - Adicione à página um quadro de pixels, com 25 pixels. Verifica se o quadro de pixels possui o `id` denominado `pixel-board`",
              "timedOut": null,
              "duration": 115,
              "state": "passed",
              "speed": "slow",
              "pass": true,
              "fail": false,
              "pending": false,
              "context": null,
              "code": "cy.get('#pixel-board').should('be.visible');",
              "err": {},
              "uuid": "9d553104-8af9-48e9-920a-e3b7013f6053",
              "parentUUID": "a1ead23c-3c74-43cb-920f-d185b11880e9",
              "isHook": false,
              "skipped": false
            },
            {
              "title": "Verifica se cada pixel individual dentro do quadro possui a `classe` denominada `pixel`.",
              "fullTitle": "4 - Adicione à página um quadro de pixels, com 25 pixels. Verifica se cada pixel individual dentro do quadro possui a `classe` denominada `pixel`.",
              "timedOut": null,
              "duration": 132,
              "state": "passed",
              "speed": "slow",
              "pass": true,
              "fail": false,
              "pending": false,
              "context": null,
              "code": "cy.get('.pixel').should('have.length', 25);",
              "err": {},
              "uuid": "b1f177e8-01c6-4f14-a515-cd8b673b92c0",
              "parentUUID": "a1ead23c-3c74-43cb-920f-d185b11880e9",
              "isHook": false,
              "skipped": false
            },
            {
              "title": "Verifica se a cor inicial dos pixels dentro do quadro, ao abrir a página, é branca.",
              "fullTitle": "4 - Adicione à página um quadro de pixels, com 25 pixels. Verifica se a cor inicial dos pixels dentro do quadro, ao abrir a página, é branca.",
              "timedOut": null,
              "duration": 134,
              "state": "passed",
              "speed": "slow",
              "pass": true,
              "fail": false,
              "pending": false,
              "context": null,
              "code": "cy.get('.pixel').should('have.length', 25).each(function (pixel) {\n  expect(pixel).to.have.css('background-color', WHITE);\n});",
              "err": {},
              "uuid": "fc98299e-32a9-4cfd-b1e1-bb4eb5df437f",
              "parentUUID": "a1ead23c-3c74-43cb-920f-d185b11880e9",
              "isHook": false,
              "skipped": false
            },
            {
              "title": "Verifica se o quadro de pixels aparece abaixo da paleta de cores",
              "fullTitle": "4 - Adicione à página um quadro de pixels, com 25 pixels. Verifica se o quadro de pixels aparece abaixo da paleta de cores",
              "timedOut": null,
              "duration": 141,
              "state": "passed",
              "speed": "slow",
              "pass": true,
              "fail": false,
              "pending": false,
              "context": null,
              "code": "cy.get('#color-palette').then(function (palette) {\n  cy.get('#pixel-board').should('be.belowOf', palette);\n});",
              "err": {},
              "uuid": "5a0f9f20-ea0c-44ff-af6c-86c5b8b75043",
              "parentUUID": "a1ead23c-3c74-43cb-920f-d185b11880e9",
              "isHook": false,
              "skipped": false
            }
          ],
          "suites": [],
          "passes": [
            "9d553104-8af9-48e9-920a-e3b7013f6053",
            "b1f177e8-01c6-4f14-a515-cd8b673b92c0",
            "fc98299e-32a9-4cfd-b1e1-bb4eb5df437f",
            "5a0f9f20-ea0c-44ff-af6c-86c5b8b75043"
          ],
          "failures": [],
          "pending": [],
          "skipped": [],
          "duration": 522,
          "root": false,
          "rootEmpty": false,
          "_timeout": 2000
        },
        {
          "uuid": "7b1f3998-c55a-4d4f-b929-644a488c997f",
          "title": "5 - Faça com que cada elemento do quadro de pixels possua 40 pixels de largura, 40 pixels de altura e seja delimitado por uma borda preta de 1 pixel.",
          "fullFile": "",
          "file": "",
          "beforeHooks": [],
          "afterHooks": [],
          "tests": [
            {
              "title": "Verifica se o quadro de pixels tem altura e comprimento de 5 elementos",
              "fullTitle": "5 - Faça com que cada elemento do quadro de pixels possua 40 pixels de largura, 40 pixels de altura e seja delimitado por uma borda preta de 1 pixel. Verifica se o quadro de pixels tem altura e comprimento de 5 elementos",
              "timedOut": null,
              "duration": 254,
              "state": "passed",
              "speed": "slow",
              "pass": true,
              "fail": false,
              "pending": false,
              "context": null,
              "code": "cy.get('.pixel').should('have.length', 25).each(function (pixel) {\n  expect(pixel).to.have.css('background-color', WHITE);\n}).and(function (pixels) {\n  var rows = chunk(pixels, 5);\n  rows.forEach(function (row) {\n    for (var index = 1; index < row.length; index += 1) {\n      var current = pixels[index];\n      var previous = pixels[index - 1];\n      cy.wrap(current).should('be.onTheRightOf', previous).and('be.horizontallyAlignedWith', previous);\n    }\n  });\n  for (var index = 1; index < 5; index += 1) {\n    expect(pixels[index * 5]).to.be.belowOf(pixels[(index - 1) * 5]);\n  }\n});",
              "err": {},
              "uuid": "64e47082-5d83-4523-9148-f84b156a3b63",
              "parentUUID": "7b1f3998-c55a-4d4f-b929-644a488c997f",
              "isHook": false,
              "skipped": false
            },
            {
              "title": "Verifica se 40 pixels é o tamanho total do elemento, incluindo seu conteúdo e excluindo a borda preta, que deve ser criada à parte.",
              "fullTitle": "5 - Faça com que cada elemento do quadro de pixels possua 40 pixels de largura, 40 pixels de altura e seja delimitado por uma borda preta de 1 pixel. Verifica se 40 pixels é o tamanho total do elemento, incluindo seu conteúdo e excluindo a borda preta, que deve ser criada à parte.",
              "timedOut": null,
              "duration": 221,
              "state": "passed",
              "speed": "slow",
              "pass": true,
              "fail": false,
              "pending": false,
              "context": null,
              "code": "cy.get('.pixel').each(function (pixel) {\n  cy.wrap(pixel).should('have.css', 'height', '40px').and('have.css', 'width', '40px').and('have.css', 'border', \"1px solid \".concat(BLACK));\n});",
              "err": {},
              "uuid": "b1b3a2d1-5c0f-4e3c-9ba8-387dcd579864",
              "parentUUID": "7b1f3998-c55a-4d4f-b929-644a488c997f",
              "isHook": false,
              "skipped": false
            }
          ],
          "suites": [],
          "passes": [
            "64e47082-5d83-4523-9148-f84b156a3b63",
            "b1b3a2d1-5c0f-4e3c-9ba8-387dcd579864"
          ],
          "failures": [],
          "pending": [],
          "skipped": [],
          "duration": 475,
          "root": false,
          "rootEmpty": false,
          "_timeout": 2000
        },
        {
          "uuid": "3d2b5156-6b73-42d7-8efa-c09185937109",
          "title": "6 - Defina a cor preta como cor inicial. Ao carregar a página a cor preta já deve estar selecionada para pintar os pixels",
          "fullFile": "",
          "file": "",
          "beforeHooks": [],
          "afterHooks": [],
          "tests": [
            {
              "title": "Verifica se o elemento da cor preta possui, inicialmente, a `classe` `selected`",
              "fullTitle": "6 - Defina a cor preta como cor inicial. Ao carregar a página a cor preta já deve estar selecionada para pintar os pixels Verifica se o elemento da cor preta possui, inicialmente, a `classe` `selected`",
              "timedOut": null,
              "duration": 110,
              "state": "passed",
              "speed": "slow",
              "pass": true,
              "fail": false,
              "pending": false,
              "context": null,
              "code": "cy.get('.selected').first().should('have.css', 'background-color', BLACK);",
              "err": {},
              "uuid": "b0d69ecf-289f-47e9-8de8-18803487307c",
              "parentUUID": "3d2b5156-6b73-42d7-8efa-c09185937109",
              "isHook": false,
              "skipped": false
            },
            {
              "title": "Verifica se nenhuma outra cor da paleta tem a `classe` `selected`",
              "fullTitle": "6 - Defina a cor preta como cor inicial. Ao carregar a página a cor preta já deve estar selecionada para pintar os pixels Verifica se nenhuma outra cor da paleta tem a `classe` `selected`",
              "timedOut": null,
              "duration": 90,
              "state": "passed",
              "speed": "slow",
              "pass": true,
              "fail": false,
              "pending": false,
              "context": null,
              "code": "cy.get('.color:not(:first-child)').each(function (color) {\n  cy.wrap(color).should('not.have.class', 'selected');\n});",
              "err": {},
              "uuid": "2e99451e-2653-4b72-8b5c-084abf685f1c",
              "parentUUID": "3d2b5156-6b73-42d7-8efa-c09185937109",
              "isHook": false,
              "skipped": false
            }
          ],
          "suites": [],
          "passes": [
            "b0d69ecf-289f-47e9-8de8-18803487307c",
            "2e99451e-2653-4b72-8b5c-084abf685f1c"
          ],
          "failures": [],
          "pending": [],
          "skipped": [],
          "duration": 200,
          "root": false,
          "rootEmpty": false,
          "_timeout": 2000
        },
        {
          "uuid": "4d750376-0526-4e5d-a8c8-facc788329bc",
          "title": "7 - Clicar em uma das cores da paleta, faz com que ela seja selecionada e utilizada para preencher os pixels no quadro.",
          "fullFile": "",
          "file": "",
          "beforeHooks": [],
          "afterHooks": [],
          "tests": [
            {
              "title": "Verifica se somente uma cor da paleta de cores tem a classe `selected` de cada vez",
              "fullTitle": "7 - Clicar em uma das cores da paleta, faz com que ela seja selecionada e utilizada para preencher os pixels no quadro. Verifica se somente uma cor da paleta de cores tem a classe `selected` de cada vez",
              "timedOut": null,
              "duration": 567,
              "state": "passed",
              "speed": "slow",
              "pass": true,
              "fail": false,
              "pending": false,
              "context": null,
              "code": "cy.get('.color').each(function (selectedColor, selectedColorIndex) {\n  cy.wrap(selectedColor).click();\n  cy.get('.color').each(function (color, colorIndex) {\n    if (colorIndex === selectedColorIndex) {\n      expect(color).to.have[\"class\"]('selected');\n    } else {\n      expect(color).not.to.have[\"class\"]('selected');\n    }\n  });\n});",
              "err": {},
              "uuid": "9c0fbcfb-a334-4d05-8250-9fade0345f08",
              "parentUUID": "4d750376-0526-4e5d-a8c8-facc788329bc",
              "isHook": false,
              "skipped": false
            },
            {
              "title": "Verifica se os pixels dentro do quadro não têm a classe `selected` quando são clicados",
              "fullTitle": "7 - Clicar em uma das cores da paleta, faz com que ela seja selecionada e utilizada para preencher os pixels no quadro. Verifica se os pixels dentro do quadro não têm a classe `selected` quando são clicados",
              "timedOut": null,
              "duration": 9234,
              "state": "passed",
              "speed": "slow",
              "pass": true,
              "fail": false,
              "pending": false,
              "context": null,
              "code": "cy.get('.color').each(function (color) {\n  var backgroundColor = color.css('background-color');\n  cy.wrap(color).click();\n  cy.get('.pixel').each(function (pixel) {\n    cy.wrap(pixel).click().should('not.have.class', 'selected');\n  });\n});",
              "err": {},
              "uuid": "c339fc72-226b-4dd3-b952-869f25a8a605",
              "parentUUID": "4d750376-0526-4e5d-a8c8-facc788329bc",
              "isHook": false,
              "skipped": false
            }
          ],
          "suites": [],
          "passes": [
            "9c0fbcfb-a334-4d05-8250-9fade0345f08",
            "c339fc72-226b-4dd3-b952-869f25a8a605"
          ],
          "failures": [],
          "pending": [],
          "skipped": [],
          "duration": 9801,
          "root": false,
          "rootEmpty": false,
          "_timeout": 2000
        },
        {
          "uuid": "b13ec5de-efa1-454c-8373-0d6c5f5323f5",
          "title": "8 - Clicar em um pixel dentro do quadro após selecionar uma cor na paleta, faz com que o pixel seja preenchido com a cor selecionada.",
          "fullFile": "",
          "file": "",
          "beforeHooks": [],
          "afterHooks": [],
          "tests": [
            {
              "title": "Verifica se ao carregar a página deve ser possível pintar os pixels de preto",
              "fullTitle": "8 - Clicar em um pixel dentro do quadro após selecionar uma cor na paleta, faz com que o pixel seja preenchido com a cor selecionada. Verifica se ao carregar a página deve ser possível pintar os pixels de preto",
              "timedOut": null,
              "duration": 4201,
              "state": "failed",
              "speed": null,
              "pass": false,
              "fail": true,
              "pending": false,
              "context": null,
              "code": "cy.get('.pixel').each(function (pixel) {\n  cy.wrap(pixel).click().should('have.css', 'background-color', BLACK);\n});",
              "err": {
                "message": "CypressError: Timed out retrying: expected '<div.pixel>' to have CSS property 'background-color' with the value 'rgb(0, 0, 0)', but the value was 'rgb(255, 255, 255)'",
                "estack": "CypressError: Timed out retrying: expected '<div.pixel>' to have CSS property 'background-color' with the value 'rgb(0, 0, 0)', but the value was 'rgb(255, 255, 255)'\n    at cypressErr (http://localhost:35903/__cypress/runner/cypress_runner.js:149934:9)\n    at throwErr (http://localhost:35903/__cypress/runner/cypress_runner.js:149867:11)\n    at Object.throwErrByPath (http://localhost:35903/__cypress/runner/cypress_runner.js:149915:3)\n    at retry (http://localhost:35903/__cypress/runner/cypress_runner.js:144197:19)\n    at onFailFn (http://localhost:35903/__cypress/runner/cypress_runner.js:132448:16)\n    at tryCatcher (http://localhost:35903/__cypress/runner/cypress_runner.js:167415:23)\n    at Promise._settlePromiseFromHandler (http://localhost:35903/__cypress/runner/cypress_runner.js:165351:31)\n    at Promise._settlePromise (http://localhost:35903/__cypress/runner/cypress_runner.js:165408:18)\n    at Promise._settlePromise0 (http://localhost:35903/__cypress/runner/cypress_runner.js:165453:10)\n    at Promise._settlePromises (http://localhost:35903/__cypress/runner/cypress_runner.js:165528:18)\n    at Async../node_modules/bluebird/js/release/async.js.Async._drainQueue (http://localhost:35903/__cypress/runner/cypress_runner.js:162140:16)\n    at Async../node_modules/bluebird/js/release/async.js.Async._drainQueues (http://localhost:35903/__cypress/runner/cypress_runner.js:162150:10)\n    at Async.drainQueues (http://localhost:35903/__cypress/runner/cypress_runner.js:162024:14)",
                "diff": null
              },
              "uuid": "b37ff884-7199-4107-8e77-103fae0945ca",
              "parentUUID": "b13ec5de-efa1-454c-8373-0d6c5f5323f5",
              "isHook": false,
              "skipped": false
            },
            {
              "title": "Verifica se após selecionar uma outra cor na paleta, é possível pintar os pixels com essa cor",
              "fullTitle": "8 - Clicar em um pixel dentro do quadro após selecionar uma cor na paleta, faz com que o pixel seja preenchido com a cor selecionada. Verifica se após selecionar uma outra cor na paleta, é possível pintar os pixels com essa cor",
              "timedOut": null,
              "duration": 4326,
              "state": "failed",
              "speed": null,
              "pass": false,
              "fail": true,
              "pending": false,
              "context": null,
              "code": "cy.get('.color').each(function (color) {\n  var backgroundColor = color.css('background-color');\n  cy.wrap(color).click();\n  cy.get('.pixel').each(function (pixel) {\n    cy.wrap(pixel).click().should('have.css', 'background-color', backgroundColor);\n  });\n});",
              "err": {
                "message": "CypressError: Timed out retrying: expected '<div.pixel>' to have CSS property 'background-color' with the value 'rgb(0, 0, 0)', but the value was 'rgb(255, 255, 255)'",
                "estack": "CypressError: Timed out retrying: expected '<div.pixel>' to have CSS property 'background-color' with the value 'rgb(0, 0, 0)', but the value was 'rgb(255, 255, 255)'\n    at cypressErr (http://localhost:35903/__cypress/runner/cypress_runner.js:149934:9)\n    at throwErr (http://localhost:35903/__cypress/runner/cypress_runner.js:149867:11)\n    at Object.throwErrByPath (http://localhost:35903/__cypress/runner/cypress_runner.js:149915:3)\n    at retry (http://localhost:35903/__cypress/runner/cypress_runner.js:144197:19)\n    at onFailFn (http://localhost:35903/__cypress/runner/cypress_runner.js:132448:16)\n    at tryCatcher (http://localhost:35903/__cypress/runner/cypress_runner.js:167415:23)\n    at Promise._settlePromiseFromHandler (http://localhost:35903/__cypress/runner/cypress_runner.js:165351:31)\n    at Promise._settlePromise (http://localhost:35903/__cypress/runner/cypress_runner.js:165408:18)\n    at Promise._settlePromise0 (http://localhost:35903/__cypress/runner/cypress_runner.js:165453:10)\n    at Promise._settlePromises (http://localhost:35903/__cypress/runner/cypress_runner.js:165528:18)\n    at Async../node_modules/bluebird/js/release/async.js.Async._drainQueue (http://localhost:35903/__cypress/runner/cypress_runner.js:162140:16)\n    at Async../node_modules/bluebird/js/release/async.js.Async._drainQueues (http://localhost:35903/__cypress/runner/cypress_runner.js:162150:10)\n    at Async.drainQueues (http://localhost:35903/__cypress/runner/cypress_runner.js:162024:14)",
                "diff": null
              },
              "uuid": "cc5a94d8-c2a7-4dbc-afda-eafae27f8a27",
              "parentUUID": "b13ec5de-efa1-454c-8373-0d6c5f5323f5",
              "isHook": false,
              "skipped": false
            },
            {
              "title": "Verifica se somente o pixel que foi clicado foi preenchido com a cor selecionada, sem influenciar na cor dos demais pixels.",
              "fullTitle": "8 - Clicar em um pixel dentro do quadro após selecionar uma cor na paleta, faz com que o pixel seja preenchido com a cor selecionada. Verifica se somente o pixel que foi clicado foi preenchido com a cor selecionada, sem influenciar na cor dos demais pixels.",
              "timedOut": null,
              "duration": 1154,
              "state": "passed",
              "speed": "slow",
              "pass": true,
              "fail": false,
              "pending": false,
              "context": null,
              "code": "var colorToPixelIndexMap = {\n  0: 6,\n  1: 8,\n  2: 16,\n  3: 18\n};\ncy.get('.color').each(function (color, index) {\n  cy.wrap(color).click();\n  var backgroundColor = color.css('background-color');\n  var clickedPixelIndex = colorToPixelIndexMap[index];\n  cy.get('.pixel').eq(clickedPixelIndex).click();\n  cy.get('.pixel').eq(clickedPixelIndex - 1).should('not.have.css', 'background-color', backgroundColor);\n  cy.get('.pixel').eq(clickedPixelIndex + 1).should('not.have.css', 'background-color', backgroundColor);\n  cy.get('.pixel').eq(clickedPixelIndex - 5).should('not.have.css', 'background-color', backgroundColor);\n  cy.get('.pixel').eq(clickedPixelIndex + 5).should('not.have.css', 'background-color', backgroundColor);\n  cy.get('.pixel').eq(clickedPixelIndex - 6).should('not.have.css', 'background-color', backgroundColor);\n  cy.get('.pixel').eq(clickedPixelIndex - 4).should('not.have.css', 'background-color', backgroundColor);\n  cy.get('.pixel').eq(clickedPixelIndex + 4).should('not.have.css', 'background-color', backgroundColor);\n  cy.get('.pixel').eq(clickedPixelIndex + 6).should('not.have.css', 'background-color', backgroundColor);\n});",
              "err": {},
              "uuid": "3077ecce-6b49-4071-a18c-fbae0c7433a2",
              "parentUUID": "b13ec5de-efa1-454c-8373-0d6c5f5323f5",
              "isHook": false,
              "skipped": false
            }
          ],
          "suites": [],
          "passes": [
            "3077ecce-6b49-4071-a18c-fbae0c7433a2"
          ],
          "failures": [
            "b37ff884-7199-4107-8e77-103fae0945ca",
            "cc5a94d8-c2a7-4dbc-afda-eafae27f8a27"
          ],
          "pending": [],
          "skipped": [],
          "duration": 9681,
          "root": false,
          "rootEmpty": false,
          "_timeout": 2000
        },
        {
          "uuid": "80e7b276-8eed-411e-a5b7-a26b7c993e9f",
          "title": "9 - Crie um botão que, ao ser clicado, limpa o quadro preenchendo a cor de todos seus pixels com branco.",
          "fullFile": "",
          "file": "",
          "beforeHooks": [],
          "afterHooks": [],
          "tests": [
            {
              "title": "Verifica se o botão tem o `id` denominado `clear-board`",
              "fullTitle": "9 - Crie um botão que, ao ser clicado, limpa o quadro preenchendo a cor de todos seus pixels com branco. Verifica se o botão tem o `id` denominado `clear-board`",
              "timedOut": null,
              "duration": 78,
              "state": "passed",
              "speed": "slow",
              "pass": true,
              "fail": false,
              "pending": false,
              "context": null,
              "code": "cy.get('#clear-board').should('be.visible');",
              "err": {},
              "uuid": "c2686775-973f-416c-8b9a-d4ce23d438b4",
              "parentUUID": "80e7b276-8eed-411e-a5b7-a26b7c993e9f",
              "isHook": false,
              "skipped": false
            },
            {
              "title": "Verifica se o botão está posicionado entre a paleta de cores e o quadro de pixels",
              "fullTitle": "9 - Crie um botão que, ao ser clicado, limpa o quadro preenchendo a cor de todos seus pixels com branco. Verifica se o botão está posicionado entre a paleta de cores e o quadro de pixels",
              "timedOut": null,
              "duration": 96,
              "state": "passed",
              "speed": "slow",
              "pass": true,
              "fail": false,
              "pending": false,
              "context": null,
              "code": "cy.get('#color-palette').then(function (palette) {\n  cy.get('#clear-board').should('be.belowOf', palette);\n});\ncy.get('#clear-board').then(function (clearBtn) {\n  cy.get('#pixel-board').should('be.belowOf', clearBtn);\n});",
              "err": {},
              "uuid": "df987fa5-f256-49c1-a62e-db96eaab6524",
              "parentUUID": "80e7b276-8eed-411e-a5b7-a26b7c993e9f",
              "isHook": false,
              "skipped": false
            },
            {
              "title": "Verifica se o texto do botão é 'Limpar'",
              "fullTitle": "9 - Crie um botão que, ao ser clicado, limpa o quadro preenchendo a cor de todos seus pixels com branco. Verifica se o texto do botão é 'Limpar'",
              "timedOut": null,
              "duration": 61,
              "state": "passed",
              "speed": "medium",
              "pass": true,
              "fail": false,
              "pending": false,
              "context": null,
              "code": "cy.get('#clear-board').should('contain.text', 'Limpar');",
              "err": {},
              "uuid": "d51b8660-3e0c-4543-be8c-1aa5f23c78d3",
              "parentUUID": "80e7b276-8eed-411e-a5b7-a26b7c993e9f",
              "isHook": false,
              "skipped": false
            },
            {
              "title": "Verifica se ao clicar no botão, o quadro de pixels é totalmente preenchido de branco",
              "fullTitle": "9 - Crie um botão que, ao ser clicado, limpa o quadro preenchendo a cor de todos seus pixels com branco. Verifica se ao clicar no botão, o quadro de pixels é totalmente preenchido de branco",
              "timedOut": null,
              "duration": 4218,
              "state": "failed",
              "speed": null,
              "pass": false,
              "fail": true,
              "pending": false,
              "context": null,
              "code": "cy.get('.color').eq(1).then(function (color) {\n  var backgroundColor = color.css('background-color');\n  cy.wrap(color).click();\n  cy.get('.pixel').each(function (pixel) {\n    cy.wrap(pixel).click().should('have.css', 'background-color', backgroundColor);\n  });\n});\ncy.get('#clear-board').click();\ncy.get('.pixel').each(function (pixel) {\n  cy.wrap(pixel).should('have.css', 'background-color', WHITE);\n});",
              "err": {
                "message": "CypressError: Timed out retrying: expected '<div.pixel>' to have CSS property 'background-color' with the value 'rgb(255, 0, 0)', but the value was 'rgb(255, 255, 255)'",
                "estack": "CypressError: Timed out retrying: expected '<div.pixel>' to have CSS property 'background-color' with the value 'rgb(255, 0, 0)', but the value was 'rgb(255, 255, 255)'\n    at cypressErr (http://localhost:35903/__cypress/runner/cypress_runner.js:149934:9)\n    at throwErr (http://localhost:35903/__cypress/runner/cypress_runner.js:149867:11)\n    at Object.throwErrByPath (http://localhost:35903/__cypress/runner/cypress_runner.js:149915:3)\n    at retry (http://localhost:35903/__cypress/runner/cypress_runner.js:144197:19)\n    at onFailFn (http://localhost:35903/__cypress/runner/cypress_runner.js:132448:16)\n    at tryCatcher (http://localhost:35903/__cypress/runner/cypress_runner.js:167415:23)\n    at Promise._settlePromiseFromHandler (http://localhost:35903/__cypress/runner/cypress_runner.js:165351:31)\n    at Promise._settlePromise (http://localhost:35903/__cypress/runner/cypress_runner.js:165408:18)\n    at Promise._settlePromise0 (http://localhost:35903/__cypress/runner/cypress_runner.js:165453:10)\n    at Promise._settlePromises (http://localhost:35903/__cypress/runner/cypress_runner.js:165528:18)\n    at Async../node_modules/bluebird/js/release/async.js.Async._drainQueue (http://localhost:35903/__cypress/runner/cypress_runner.js:162140:16)\n    at Async../node_modules/bluebird/js/release/async.js.Async._drainQueues (http://localhost:35903/__cypress/runner/cypress_runner.js:162150:10)\n    at Async.drainQueues (http://localhost:35903/__cypress/runner/cypress_runner.js:162024:14)",
                "diff": null
              },
              "uuid": "fdbb89e2-8312-4314-af4a-2e0ee0bdb717",
              "parentUUID": "80e7b276-8eed-411e-a5b7-a26b7c993e9f",
              "isHook": false,
              "skipped": false
            }
          ],
          "suites": [],
          "passes": [
            "c2686775-973f-416c-8b9a-d4ce23d438b4",
            "df987fa5-f256-49c1-a62e-db96eaab6524",
            "d51b8660-3e0c-4543-be8c-1aa5f23c78d3"
          ],
          "failures": [
            "fdbb89e2-8312-4314-af4a-2e0ee0bdb717"
          ],
          "pending": [],
          "skipped": [],
          "duration": 4453,
          "root": false,
          "rootEmpty": false,
          "_timeout": 2000
        },
        {
          "uuid": "9065751f-a754-447d-8962-fc43b442183a",
          "title": "10 - Faça o quadro de pixels ter seu tamanho definido pelo usuário.",
          "fullFile": "",
          "file": "",
          "beforeHooks": [],
          "afterHooks": [],
          "tests": [
            {
              "title": "Verifica se existe um input com o id `board-size`",
              "fullTitle": "10 - Faça o quadro de pixels ter seu tamanho definido pelo usuário. Verifica se existe um input com o id `board-size`",
              "timedOut": null,
              "duration": 4138,
              "state": "failed",
              "speed": null,
              "pass": false,
              "fail": true,
              "pending": false,
              "context": null,
              "code": "cy.get('#board-size').should('be.visible');",
              "err": {
                "message": "CypressError: Timed out retrying: Expected to find element: '#board-size', but never found it.",
                "estack": "CypressError: Timed out retrying: Expected to find element: '#board-size', but never found it.\n    at cypressErr (http://localhost:35903/__cypress/runner/cypress_runner.js:149934:9)\n    at throwErr (http://localhost:35903/__cypress/runner/cypress_runner.js:149867:11)\n    at Object.throwErrByPath (http://localhost:35903/__cypress/runner/cypress_runner.js:149915:3)\n    at retry (http://localhost:35903/__cypress/runner/cypress_runner.js:144197:19)\n    at onFailFn (http://localhost:35903/__cypress/runner/cypress_runner.js:132448:16)\n    at tryCatcher (http://localhost:35903/__cypress/runner/cypress_runner.js:167415:23)\n    at Promise._settlePromiseFromHandler (http://localhost:35903/__cypress/runner/cypress_runner.js:165351:31)\n    at Promise._settlePromise (http://localhost:35903/__cypress/runner/cypress_runner.js:165408:18)\n    at Promise._settlePromise0 (http://localhost:35903/__cypress/runner/cypress_runner.js:165453:10)\n    at Promise._settlePromises (http://localhost:35903/__cypress/runner/cypress_runner.js:165528:18)\n    at Async../node_modules/bluebird/js/release/async.js.Async._drainQueue (http://localhost:35903/__cypress/runner/cypress_runner.js:162140:16)\n    at Async../node_modules/bluebird/js/release/async.js.Async._drainQueues (http://localhost:35903/__cypress/runner/cypress_runner.js:162150:10)\n    at Async.drainQueues (http://localhost:35903/__cypress/runner/cypress_runner.js:162024:14)",
                "diff": null
              },
              "uuid": "f03712bf-66e1-445e-a7f7-3df254af65c6",
              "parentUUID": "9065751f-a754-447d-8962-fc43b442183a",
              "isHook": false,
              "skipped": false
            },
            {
              "title": "Verifica se existe um botão com o id `generate-board`",
              "fullTitle": "10 - Faça o quadro de pixels ter seu tamanho definido pelo usuário. Verifica se existe um botão com o id `generate-board`",
              "timedOut": null,
              "duration": 4117,
              "state": "failed",
              "speed": null,
              "pass": false,
              "fail": true,
              "pending": false,
              "context": null,
              "code": "cy.get('#generate-board').should('be.visible');",
              "err": {
                "message": "CypressError: Timed out retrying: Expected to find element: '#generate-board', but never found it.",
                "estack": "CypressError: Timed out retrying: Expected to find element: '#generate-board', but never found it.\n    at cypressErr (http://localhost:35903/__cypress/runner/cypress_runner.js:149934:9)\n    at throwErr (http://localhost:35903/__cypress/runner/cypress_runner.js:149867:11)\n    at Object.throwErrByPath (http://localhost:35903/__cypress/runner/cypress_runner.js:149915:3)\n    at retry (http://localhost:35903/__cypress/runner/cypress_runner.js:144197:19)\n    at onFailFn (http://localhost:35903/__cypress/runner/cypress_runner.js:132448:16)\n    at tryCatcher (http://localhost:35903/__cypress/runner/cypress_runner.js:167415:23)\n    at Promise._settlePromiseFromHandler (http://localhost:35903/__cypress/runner/cypress_runner.js:165351:31)\n    at Promise._settlePromise (http://localhost:35903/__cypress/runner/cypress_runner.js:165408:18)\n    at Promise._settlePromise0 (http://localhost:35903/__cypress/runner/cypress_runner.js:165453:10)\n    at Promise._settlePromises (http://localhost:35903/__cypress/runner/cypress_runner.js:165528:18)\n    at Async../node_modules/bluebird/js/release/async.js.Async._drainQueue (http://localhost:35903/__cypress/runner/cypress_runner.js:162140:16)\n    at Async../node_modules/bluebird/js/release/async.js.Async._drainQueues (http://localhost:35903/__cypress/runner/cypress_runner.js:162150:10)\n    at Async.drainQueues (http://localhost:35903/__cypress/runner/cypress_runner.js:162024:14)",
                "diff": null
              },
              "uuid": "8a9ca54a-6652-4b65-8d27-6ef52237bc20",
              "parentUUID": "9065751f-a754-447d-8962-fc43b442183a",
              "isHook": false,
              "skipped": false
            },
            {
              "title": "Verifica se o input só aceita número maiores que zero. Essa restrição deve ser feita usando os atributos do elemento `input`",
              "fullTitle": "10 - Faça o quadro de pixels ter seu tamanho definido pelo usuário. Verifica se o input só aceita número maiores que zero. Essa restrição deve ser feita usando os atributos do elemento `input`",
              "timedOut": null,
              "duration": 4107,
              "state": "failed",
              "speed": null,
              "pass": false,
              "fail": true,
              "pending": false,
              "context": null,
              "code": "cy.get('#board-size[type=\\'number\\'][min=\\'1\\']');",
              "err": {
                "message": "CypressError: Timed out retrying: Expected to find element: '#board-size[type='number'][min='1']', but never found it.",
                "estack": "CypressError: Timed out retrying: Expected to find element: '#board-size[type='number'][min='1']', but never found it.\n    at cypressErr (http://localhost:35903/__cypress/runner/cypress_runner.js:149934:9)\n    at throwErr (http://localhost:35903/__cypress/runner/cypress_runner.js:149867:11)\n    at Object.throwErrByPath (http://localhost:35903/__cypress/runner/cypress_runner.js:149915:3)\n    at retry (http://localhost:35903/__cypress/runner/cypress_runner.js:144197:19)\n    at onFailFn (http://localhost:35903/__cypress/runner/cypress_runner.js:132448:16)\n    at tryCatcher (http://localhost:35903/__cypress/runner/cypress_runner.js:167415:23)\n    at Promise._settlePromiseFromHandler (http://localhost:35903/__cypress/runner/cypress_runner.js:165351:31)\n    at Promise._settlePromise (http://localhost:35903/__cypress/runner/cypress_runner.js:165408:18)\n    at Promise._settlePromise0 (http://localhost:35903/__cypress/runner/cypress_runner.js:165453:10)\n    at Promise._settlePromises (http://localhost:35903/__cypress/runner/cypress_runner.js:165528:18)\n    at Async../node_modules/bluebird/js/release/async.js.Async._drainQueue (http://localhost:35903/__cypress/runner/cypress_runner.js:162140:16)\n    at Async../node_modules/bluebird/js/release/async.js.Async._drainQueues (http://localhost:35903/__cypress/runner/cypress_runner.js:162150:10)\n    at Async.drainQueues (http://localhost:35903/__cypress/runner/cypress_runner.js:162024:14)",
                "diff": null
              },
              "uuid": "6b30a78d-13c3-4ec6-8e97-603881874d08",
              "parentUUID": "9065751f-a754-447d-8962-fc43b442183a",
              "isHook": false,
              "skipped": false
            },
            {
              "title": "Verifica se o botão contém o texto 'VQV'",
              "fullTitle": "10 - Faça o quadro de pixels ter seu tamanho definido pelo usuário. Verifica se o botão contém o texto 'VQV'",
              "timedOut": null,
              "duration": 4123,
              "state": "failed",
              "speed": null,
              "pass": false,
              "fail": true,
              "pending": false,
              "context": null,
              "code": "cy.get('#generate-board').contains(/vqv/i);",
              "err": {
                "message": "CypressError: Timed out retrying: Expected to find element: '#generate-board', but never found it.",
                "estack": "CypressError: Timed out retrying: Expected to find element: '#generate-board', but never found it.\n    at cypressErr (http://localhost:35903/__cypress/runner/cypress_runner.js:149934:9)\n    at throwErr (http://localhost:35903/__cypress/runner/cypress_runner.js:149867:11)\n    at Object.throwErrByPath (http://localhost:35903/__cypress/runner/cypress_runner.js:149915:3)\n    at retry (http://localhost:35903/__cypress/runner/cypress_runner.js:144197:19)\n    at onFailFn (http://localhost:35903/__cypress/runner/cypress_runner.js:132448:16)\n    at tryCatcher (http://localhost:35903/__cypress/runner/cypress_runner.js:167415:23)\n    at Promise._settlePromiseFromHandler (http://localhost:35903/__cypress/runner/cypress_runner.js:165351:31)\n    at Promise._settlePromise (http://localhost:35903/__cypress/runner/cypress_runner.js:165408:18)\n    at Promise._settlePromise0 (http://localhost:35903/__cypress/runner/cypress_runner.js:165453:10)\n    at Promise._settlePromises (http://localhost:35903/__cypress/runner/cypress_runner.js:165528:18)\n    at Async../node_modules/bluebird/js/release/async.js.Async._drainQueue (http://localhost:35903/__cypress/runner/cypress_runner.js:162140:16)\n    at Async../node_modules/bluebird/js/release/async.js.Async._drainQueues (http://localhost:35903/__cypress/runner/cypress_runner.js:162150:10)\n    at Async.drainQueues (http://localhost:35903/__cypress/runner/cypress_runner.js:162024:14)",
                "diff": null
              },
              "uuid": "9ff806a8-4ecb-4b04-b29b-86513587a2fe",
              "parentUUID": "9065751f-a754-447d-8962-fc43b442183a",
              "isHook": false,
              "skipped": false
            },
            {
              "title": "Verifica se o input está posicionado entre a paleta de cores e o quadro de pixels",
              "fullTitle": "10 - Faça o quadro de pixels ter seu tamanho definido pelo usuário. Verifica se o input está posicionado entre a paleta de cores e o quadro de pixels",
              "timedOut": null,
              "duration": 4139,
              "state": "failed",
              "speed": null,
              "pass": false,
              "fail": true,
              "pending": false,
              "context": null,
              "code": "cy.get('#color-palette').then(function (palette) {\n  cy.get('#board-size').should('be.belowOf', palette);\n});\ncy.get('#board-size').then(function (palette) {\n  cy.get('#pixel-board').should('be.belowOf', palette);\n});",
              "err": {
                "message": "CypressError: Timed out retrying: Expected to find element: '#board-size', but never found it.",
                "estack": "CypressError: Timed out retrying: Expected to find element: '#board-size', but never found it.\n    at cypressErr (http://localhost:35903/__cypress/runner/cypress_runner.js:149934:9)\n    at throwErr (http://localhost:35903/__cypress/runner/cypress_runner.js:149867:11)\n    at Object.throwErrByPath (http://localhost:35903/__cypress/runner/cypress_runner.js:149915:3)\n    at retry (http://localhost:35903/__cypress/runner/cypress_runner.js:144197:19)\n    at onFailFn (http://localhost:35903/__cypress/runner/cypress_runner.js:132448:16)\n    at tryCatcher (http://localhost:35903/__cypress/runner/cypress_runner.js:167415:23)\n    at Promise._settlePromiseFromHandler (http://localhost:35903/__cypress/runner/cypress_runner.js:165351:31)\n    at Promise._settlePromise (http://localhost:35903/__cypress/runner/cypress_runner.js:165408:18)\n    at Promise._settlePromise0 (http://localhost:35903/__cypress/runner/cypress_runner.js:165453:10)\n    at Promise._settlePromises (http://localhost:35903/__cypress/runner/cypress_runner.js:165528:18)\n    at Async../node_modules/bluebird/js/release/async.js.Async._drainQueue (http://localhost:35903/__cypress/runner/cypress_runner.js:162140:16)\n    at Async../node_modules/bluebird/js/release/async.js.Async._drainQueues (http://localhost:35903/__cypress/runner/cypress_runner.js:162150:10)\n    at Async.drainQueues (http://localhost:35903/__cypress/runner/cypress_runner.js:162024:14)",
                "diff": null
              },
              "uuid": "4ed29284-d49f-4075-a998-6d6193321a3e",
              "parentUUID": "9065751f-a754-447d-8962-fc43b442183a",
              "isHook": false,
              "skipped": false
            },
            {
              "title": "Verifica se o botão está posicionado ao lado do input",
              "fullTitle": "10 - Faça o quadro de pixels ter seu tamanho definido pelo usuário. Verifica se o botão está posicionado ao lado do input",
              "timedOut": null,
              "duration": 4088,
              "state": "failed",
              "speed": null,
              "pass": false,
              "fail": true,
              "pending": false,
              "context": null,
              "code": "cy.get('#board-size').then(function (board) {\n  cy.get('#generate-board').should('be.onTheRightOf', board);\n});",
              "err": {
                "message": "CypressError: Timed out retrying: Expected to find element: '#board-size', but never found it.",
                "estack": "CypressError: Timed out retrying: Expected to find element: '#board-size', but never found it.\n    at cypressErr (http://localhost:35903/__cypress/runner/cypress_runner.js:149934:9)\n    at throwErr (http://localhost:35903/__cypress/runner/cypress_runner.js:149867:11)\n    at Object.throwErrByPath (http://localhost:35903/__cypress/runner/cypress_runner.js:149915:3)\n    at retry (http://localhost:35903/__cypress/runner/cypress_runner.js:144197:19)\n    at onFailFn (http://localhost:35903/__cypress/runner/cypress_runner.js:132448:16)\n    at tryCatcher (http://localhost:35903/__cypress/runner/cypress_runner.js:167415:23)\n    at Promise._settlePromiseFromHandler (http://localhost:35903/__cypress/runner/cypress_runner.js:165351:31)\n    at Promise._settlePromise (http://localhost:35903/__cypress/runner/cypress_runner.js:165408:18)\n    at Promise._settlePromise0 (http://localhost:35903/__cypress/runner/cypress_runner.js:165453:10)\n    at Promise._settlePromises (http://localhost:35903/__cypress/runner/cypress_runner.js:165528:18)\n    at Async../node_modules/bluebird/js/release/async.js.Async._drainQueue (http://localhost:35903/__cypress/runner/cypress_runner.js:162140:16)\n    at Async../node_modules/bluebird/js/release/async.js.Async._drainQueues (http://localhost:35903/__cypress/runner/cypress_runner.js:162150:10)\n    at Async.drainQueues (http://localhost:35903/__cypress/runner/cypress_runner.js:162024:14)",
                "diff": null
              },
              "uuid": "8fad635f-ee6c-4535-9b80-64bab95aae30",
              "parentUUID": "9065751f-a754-447d-8962-fc43b442183a",
              "isHook": false,
              "skipped": false
            },
            {
              "title": "Verifica se nenhum valor for colocado no input ao clicar no botão, um `alert` é exibido com o texto: 'Board inválido!'",
              "fullTitle": "10 - Faça o quadro de pixels ter seu tamanho definido pelo usuário. Verifica se nenhum valor for colocado no input ao clicar no botão, um `alert` é exibido com o texto: 'Board inválido!'",
              "timedOut": null,
              "duration": 4146,
              "state": "failed",
              "speed": null,
              "pass": false,
              "fail": true,
              "pending": false,
              "context": null,
              "code": "var alerted = false;\ncy.on('window:alert', function (msg) {\n  return alerted = msg;\n});\ncy.get('#generate-board').click().then(function () {\n  return expect(alerted).to.match(/Board inválido!/i);\n});",
              "err": {
                "message": "CypressError: Timed out retrying: Expected to find element: '#generate-board', but never found it.",
                "estack": "CypressError: Timed out retrying: Expected to find element: '#generate-board', but never found it.\n    at cypressErr (http://localhost:35903/__cypress/runner/cypress_runner.js:149934:9)\n    at throwErr (http://localhost:35903/__cypress/runner/cypress_runner.js:149867:11)\n    at Object.throwErrByPath (http://localhost:35903/__cypress/runner/cypress_runner.js:149915:3)\n    at retry (http://localhost:35903/__cypress/runner/cypress_runner.js:144197:19)\n    at onFailFn (http://localhost:35903/__cypress/runner/cypress_runner.js:132448:16)\n    at tryCatcher (http://localhost:35903/__cypress/runner/cypress_runner.js:167415:23)\n    at Promise._settlePromiseFromHandler (http://localhost:35903/__cypress/runner/cypress_runner.js:165351:31)\n    at Promise._settlePromise (http://localhost:35903/__cypress/runner/cypress_runner.js:165408:18)\n    at Promise._settlePromise0 (http://localhost:35903/__cypress/runner/cypress_runner.js:165453:10)\n    at Promise._settlePromises (http://localhost:35903/__cypress/runner/cypress_runner.js:165528:18)\n    at Async../node_modules/bluebird/js/release/async.js.Async._drainQueue (http://localhost:35903/__cypress/runner/cypress_runner.js:162140:16)\n    at Async../node_modules/bluebird/js/release/async.js.Async._drainQueues (http://localhost:35903/__cypress/runner/cypress_runner.js:162150:10)\n    at Async.drainQueues (http://localhost:35903/__cypress/runner/cypress_runner.js:162024:14)",
                "diff": null
              },
              "uuid": "1a02f07f-c6c4-4e25-a8c4-0a781e82ee38",
              "parentUUID": "9065751f-a754-447d-8962-fc43b442183a",
              "isHook": false,
              "skipped": false
            },
            {
              "title": "Verifica se ao clicar no botão com um valor preenchido, o tamanho do board muda.",
              "fullTitle": "10 - Faça o quadro de pixels ter seu tamanho definido pelo usuário. Verifica se ao clicar no botão com um valor preenchido, o tamanho do board muda.",
              "timedOut": null,
              "duration": 4107,
              "state": "failed",
              "speed": null,
              "pass": false,
              "fail": true,
              "pending": false,
              "context": null,
              "code": "cy.get('#board-size').clear().type(10);\ncy.get('#generate-board').click();\ncy.get('.pixel').should('have.length', 100);",
              "err": {
                "message": "CypressError: Timed out retrying: Expected to find element: '#board-size', but never found it.",
                "estack": "CypressError: Timed out retrying: Expected to find element: '#board-size', but never found it.\n    at cypressErr (http://localhost:35903/__cypress/runner/cypress_runner.js:149934:9)\n    at throwErr (http://localhost:35903/__cypress/runner/cypress_runner.js:149867:11)\n    at Object.throwErrByPath (http://localhost:35903/__cypress/runner/cypress_runner.js:149915:3)\n    at retry (http://localhost:35903/__cypress/runner/cypress_runner.js:144197:19)\n    at onFailFn (http://localhost:35903/__cypress/runner/cypress_runner.js:132448:16)\n    at tryCatcher (http://localhost:35903/__cypress/runner/cypress_runner.js:167415:23)\n    at Promise._settlePromiseFromHandler (http://localhost:35903/__cypress/runner/cypress_runner.js:165351:31)\n    at Promise._settlePromise (http://localhost:35903/__cypress/runner/cypress_runner.js:165408:18)\n    at Promise._settlePromise0 (http://localhost:35903/__cypress/runner/cypress_runner.js:165453:10)\n    at Promise._settlePromises (http://localhost:35903/__cypress/runner/cypress_runner.js:165528:18)\n    at Async../node_modules/bluebird/js/release/async.js.Async._drainQueue (http://localhost:35903/__cypress/runner/cypress_runner.js:162140:16)\n    at Async../node_modules/bluebird/js/release/async.js.Async._drainQueues (http://localhost:35903/__cypress/runner/cypress_runner.js:162150:10)\n    at Async.drainQueues (http://localhost:35903/__cypress/runner/cypress_runner.js:162024:14)",
                "diff": null
              },
              "uuid": "6916cb60-175e-443f-b294-8696fee65568",
              "parentUUID": "9065751f-a754-447d-8962-fc43b442183a",
              "isHook": false,
              "skipped": false
            },
            {
              "title": "Verifica se o novo quadro tem todos os pixels preenchidos com a cor branca",
              "fullTitle": "10 - Faça o quadro de pixels ter seu tamanho definido pelo usuário. Verifica se o novo quadro tem todos os pixels preenchidos com a cor branca",
              "timedOut": null,
              "duration": 4135,
              "state": "failed",
              "speed": null,
              "pass": false,
              "fail": true,
              "pending": false,
              "context": null,
              "code": "cy.get('#board-size').clear().type(6);\ncy.get('#generate-board').click();\ncy.get('.pixel').should('have.length', 36).each(function (pixel) {\n  expect(pixel).to.have.css('background-color', WHITE);\n});",
              "err": {
                "message": "CypressError: Timed out retrying: Expected to find element: '#board-size', but never found it.",
                "estack": "CypressError: Timed out retrying: Expected to find element: '#board-size', but never found it.\n    at cypressErr (http://localhost:35903/__cypress/runner/cypress_runner.js:149934:9)\n    at throwErr (http://localhost:35903/__cypress/runner/cypress_runner.js:149867:11)\n    at Object.throwErrByPath (http://localhost:35903/__cypress/runner/cypress_runner.js:149915:3)\n    at retry (http://localhost:35903/__cypress/runner/cypress_runner.js:144197:19)\n    at onFailFn (http://localhost:35903/__cypress/runner/cypress_runner.js:132448:16)\n    at tryCatcher (http://localhost:35903/__cypress/runner/cypress_runner.js:167415:23)\n    at Promise._settlePromiseFromHandler (http://localhost:35903/__cypress/runner/cypress_runner.js:165351:31)\n    at Promise._settlePromise (http://localhost:35903/__cypress/runner/cypress_runner.js:165408:18)\n    at Promise._settlePromise0 (http://localhost:35903/__cypress/runner/cypress_runner.js:165453:10)\n    at Promise._settlePromises (http://localhost:35903/__cypress/runner/cypress_runner.js:165528:18)\n    at Async../node_modules/bluebird/js/release/async.js.Async._drainQueue (http://localhost:35903/__cypress/runner/cypress_runner.js:162140:16)\n    at Async../node_modules/bluebird/js/release/async.js.Async._drainQueues (http://localhost:35903/__cypress/runner/cypress_runner.js:162150:10)\n    at Async.drainQueues (http://localhost:35903/__cypress/runner/cypress_runner.js:162024:14)",
                "diff": null
              },
              "uuid": "3143350e-6722-4870-904b-b3c748058e80",
              "parentUUID": "9065751f-a754-447d-8962-fc43b442183a",
              "isHook": false,
              "skipped": false
            }
          ],
          "suites": [],
          "passes": [],
          "failures": [
            "f03712bf-66e1-445e-a7f7-3df254af65c6",
            "8a9ca54a-6652-4b65-8d27-6ef52237bc20",
            "6b30a78d-13c3-4ec6-8e97-603881874d08",
            "9ff806a8-4ecb-4b04-b29b-86513587a2fe",
            "4ed29284-d49f-4075-a998-6d6193321a3e",
            "8fad635f-ee6c-4535-9b80-64bab95aae30",
            "1a02f07f-c6c4-4e25-a8c4-0a781e82ee38",
            "6916cb60-175e-443f-b294-8696fee65568",
            "3143350e-6722-4870-904b-b3c748058e80"
          ],
          "pending": [],
          "skipped": [],
          "duration": 37100,
          "root": false,
          "rootEmpty": false,
          "_timeout": 2000
        },
        {
          "uuid": "b73fe786-32f0-485c-91a4-f515ae30d4ba",
          "title": "11 - Limite o tamanho mínimo e máximo do board.",
          "fullFile": "",
          "file": "",
          "beforeHooks": [],
          "afterHooks": [],
          "tests": [
            {
              "title": "Verifica se a altura máxima do board é 50",
              "fullTitle": "11 - Limite o tamanho mínimo e máximo do board. Verifica se a altura máxima do board é 50",
              "timedOut": null,
              "duration": 4117,
              "state": "failed",
              "speed": null,
              "pass": false,
              "fail": true,
              "pending": false,
              "context": null,
              "code": "cy.get('#board-size').clear().type(50);\ncy.get('#generate-board').click();\ncy.get('.pixel').should('have.length', 2500);",
              "err": {
                "message": "CypressError: Timed out retrying: Expected to find element: '#board-size', but never found it.",
                "estack": "CypressError: Timed out retrying: Expected to find element: '#board-size', but never found it.\n    at cypressErr (http://localhost:35903/__cypress/runner/cypress_runner.js:149934:9)\n    at throwErr (http://localhost:35903/__cypress/runner/cypress_runner.js:149867:11)\n    at Object.throwErrByPath (http://localhost:35903/__cypress/runner/cypress_runner.js:149915:3)\n    at retry (http://localhost:35903/__cypress/runner/cypress_runner.js:144197:19)\n    at onFailFn (http://localhost:35903/__cypress/runner/cypress_runner.js:132448:16)\n    at tryCatcher (http://localhost:35903/__cypress/runner/cypress_runner.js:167415:23)\n    at Promise._settlePromiseFromHandler (http://localhost:35903/__cypress/runner/cypress_runner.js:165351:31)\n    at Promise._settlePromise (http://localhost:35903/__cypress/runner/cypress_runner.js:165408:18)\n    at Promise._settlePromise0 (http://localhost:35903/__cypress/runner/cypress_runner.js:165453:10)\n    at Promise._settlePromises (http://localhost:35903/__cypress/runner/cypress_runner.js:165528:18)\n    at Async../node_modules/bluebird/js/release/async.js.Async._drainQueue (http://localhost:35903/__cypress/runner/cypress_runner.js:162140:16)\n    at Async../node_modules/bluebird/js/release/async.js.Async._drainQueues (http://localhost:35903/__cypress/runner/cypress_runner.js:162150:10)\n    at Async.drainQueues (http://localhost:35903/__cypress/runner/cypress_runner.js:162024:14)",
                "diff": null
              },
              "uuid": "08fb01d9-cb4a-4b8d-8015-f7fe52bca0d9",
              "parentUUID": "b73fe786-32f0-485c-91a4-f515ae30d4ba",
              "isHook": false,
              "skipped": false
            },
            {
              "title": "Verifica se a altura do board é 5 quando um valor menor é colocado no input",
              "fullTitle": "11 - Limite o tamanho mínimo e máximo do board. Verifica se a altura do board é 5 quando um valor menor é colocado no input",
              "timedOut": null,
              "duration": 4156,
              "state": "failed",
              "speed": null,
              "pass": false,
              "fail": true,
              "pending": false,
              "context": null,
              "code": "cy.get('#board-size').clear().type(4);\ncy.get('#generate-board').click();\ncy.get('.pixel').should('have.length', 25);",
              "err": {
                "message": "CypressError: Timed out retrying: Expected to find element: '#board-size', but never found it.",
                "estack": "CypressError: Timed out retrying: Expected to find element: '#board-size', but never found it.\n    at cypressErr (http://localhost:35903/__cypress/runner/cypress_runner.js:149934:9)\n    at throwErr (http://localhost:35903/__cypress/runner/cypress_runner.js:149867:11)\n    at Object.throwErrByPath (http://localhost:35903/__cypress/runner/cypress_runner.js:149915:3)\n    at retry (http://localhost:35903/__cypress/runner/cypress_runner.js:144197:19)\n    at onFailFn (http://localhost:35903/__cypress/runner/cypress_runner.js:132448:16)\n    at tryCatcher (http://localhost:35903/__cypress/runner/cypress_runner.js:167415:23)\n    at Promise._settlePromiseFromHandler (http://localhost:35903/__cypress/runner/cypress_runner.js:165351:31)\n    at Promise._settlePromise (http://localhost:35903/__cypress/runner/cypress_runner.js:165408:18)\n    at Promise._settlePromise0 (http://localhost:35903/__cypress/runner/cypress_runner.js:165453:10)\n    at Promise._settlePromises (http://localhost:35903/__cypress/runner/cypress_runner.js:165528:18)\n    at Async../node_modules/bluebird/js/release/async.js.Async._drainQueue (http://localhost:35903/__cypress/runner/cypress_runner.js:162140:16)\n    at Async../node_modules/bluebird/js/release/async.js.Async._drainQueues (http://localhost:35903/__cypress/runner/cypress_runner.js:162150:10)\n    at Async.drainQueues (http://localhost:35903/__cypress/runner/cypress_runner.js:162024:14)",
                "diff": null
              },
              "uuid": "56dc0655-1c08-4ac9-aa9f-bab34252958d",
              "parentUUID": "b73fe786-32f0-485c-91a4-f515ae30d4ba",
              "isHook": false,
              "skipped": false
            },
            {
              "title": "Verifica se a altura do board é 50 quando um valor maior é colocado no input",
              "fullTitle": "11 - Limite o tamanho mínimo e máximo do board. Verifica se a altura do board é 50 quando um valor maior é colocado no input",
              "timedOut": null,
              "duration": 4119,
              "state": "failed",
              "speed": null,
              "pass": false,
              "fail": true,
              "pending": false,
              "context": null,
              "code": "cy.get('#board-size').clear().type(51);\ncy.get('#generate-board').click();\ncy.get('.pixel').should('have.length', 2500);",
              "err": {
                "message": "CypressError: Timed out retrying: Expected to find element: '#board-size', but never found it.",
                "estack": "CypressError: Timed out retrying: Expected to find element: '#board-size', but never found it.\n    at cypressErr (http://localhost:35903/__cypress/runner/cypress_runner.js:149934:9)\n    at throwErr (http://localhost:35903/__cypress/runner/cypress_runner.js:149867:11)\n    at Object.throwErrByPath (http://localhost:35903/__cypress/runner/cypress_runner.js:149915:3)\n    at retry (http://localhost:35903/__cypress/runner/cypress_runner.js:144197:19)\n    at onFailFn (http://localhost:35903/__cypress/runner/cypress_runner.js:132448:16)\n    at tryCatcher (http://localhost:35903/__cypress/runner/cypress_runner.js:167415:23)\n    at Promise._settlePromiseFromHandler (http://localhost:35903/__cypress/runner/cypress_runner.js:165351:31)\n    at Promise._settlePromise (http://localhost:35903/__cypress/runner/cypress_runner.js:165408:18)\n    at Promise._settlePromise0 (http://localhost:35903/__cypress/runner/cypress_runner.js:165453:10)\n    at Promise._settlePromises (http://localhost:35903/__cypress/runner/cypress_runner.js:165528:18)\n    at Async../node_modules/bluebird/js/release/async.js.Async._drainQueue (http://localhost:35903/__cypress/runner/cypress_runner.js:162140:16)\n    at Async../node_modules/bluebird/js/release/async.js.Async._drainQueues (http://localhost:35903/__cypress/runner/cypress_runner.js:162150:10)\n    at Async.drainQueues (http://localhost:35903/__cypress/runner/cypress_runner.js:162024:14)",
                "diff": null
              },
              "uuid": "dcfaecb8-2909-475c-a2de-489bed008fd3",
              "parentUUID": "b73fe786-32f0-485c-91a4-f515ae30d4ba",
              "isHook": false,
              "skipped": false
            }
          ],
          "suites": [],
          "passes": [],
          "failures": [
            "08fb01d9-cb4a-4b8d-8015-f7fe52bca0d9",
            "56dc0655-1c08-4ac9-aa9f-bab34252958d",
            "dcfaecb8-2909-475c-a2de-489bed008fd3"
          ],
          "pending": [],
          "skipped": [],
          "duration": 12392,
          "root": false,
          "rootEmpty": false,
          "_timeout": 2000
        },
        {
          "uuid": "93a99238-8109-4904-ab01-1e7d6912fa6e",
          "title": "12 - Faça com que as cores da paleta sejam geradas aleatoriamente ao carregar a página.",
          "fullFile": "",
          "file": "",
          "beforeHooks": [],
          "afterHooks": [],
          "tests": [
            {
              "title": "Verifica se as cores geradas na paleta são diferentes a cada carregamento da página",
              "fullTitle": "12 - Faça com que as cores da paleta sejam geradas aleatoriamente ao carregar a página. Verifica se as cores geradas na paleta são diferentes a cada carregamento da página",
              "timedOut": null,
              "duration": 235,
              "state": "failed",
              "speed": null,
              "pass": false,
              "fail": true,
              "pending": false,
              "context": null,
              "code": "cy.get('.color').then(function (colors) {\n  var currentColors;\n  var previousColors;\n  previousColors = Array.from(colors).map(function (color) {\n    return Cypress.$(color).css('background-color');\n  });\n  for (var i = 0; i < 5; i += 1) {\n    cy.reload();\n    cy.get('.color').then(function (colors) {\n      currentColors = Array.from(colors).map(function (color) {\n        return Cypress.$(color).css('background-color');\n      });\n      expect(currentColors).not.to.deep.equal(previousColors);\n      previousColors = currentColors;\n    });\n  }\n});",
              "err": {
                "message": "AssertionError: expected [ Array(4) ] to not deeply equal [ Array(4) ]",
                "estack": "AssertionError: expected [ Array(4) ] to not deeply equal [ Array(4) ]\n    at getRet (http://localhost:35903/__cypress/runner/cypress_runner.js:136585:16)\n    at tryCatcher (http://localhost:35903/__cypress/runner/cypress_runner.js:167415:23)\n    at Function.Promise.attempt.Promise.try (http://localhost:35903/__cypress/runner/cypress_runner.js:164690:29)\n    at Context.thenFn (http://localhost:35903/__cypress/runner/cypress_runner.js:136599:23)\n    at Context.then (http://localhost:35903/__cypress/runner/cypress_runner.js:136971:21)\n    at Context.<anonymous> (http://localhost:35903/__cypress/runner/cypress_runner.js:148875:21)\n    at http://localhost:35903/__cypress/runner/cypress_runner.js:148351:33\n    at tryCatcher (http://localhost:35903/__cypress/runner/cypress_runner.js:167415:23)\n    at Promise._settlePromiseFromHandler (http://localhost:35903/__cypress/runner/cypress_runner.js:165351:31)\n    at Promise._settlePromise (http://localhost:35903/__cypress/runner/cypress_runner.js:165408:18)\n    at Promise._settlePromiseCtx (http://localhost:35903/__cypress/runner/cypress_runner.js:165445:10)\n    at Async../node_modules/bluebird/js/release/async.js.Async._drainQueue (http://localhost:35903/__cypress/runner/cypress_runner.js:162145:12)\n    at Async../node_modules/bluebird/js/release/async.js.Async._drainQueues (http://localhost:35903/__cypress/runner/cypress_runner.js:162150:10)\n    at Async.drainQueues (http://localhost:35903/__cypress/runner/cypress_runner.js:162024:14)",
                "diff": ""
              },
              "uuid": "07459b19-038c-46f1-a143-d530bb29f1f1",
              "parentUUID": "93a99238-8109-4904-ab01-1e7d6912fa6e",
              "isHook": false,
              "skipped": false
            },
            {
              "title": "Verifica se a cor preta ainda está presente e é a primeira na sua paleta de cores",
              "fullTitle": "12 - Faça com que as cores da paleta sejam geradas aleatoriamente ao carregar a página. Verifica se a cor preta ainda está presente e é a primeira na sua paleta de cores",
              "timedOut": null,
              "duration": 121,
              "state": "failed",
              "speed": null,
              "pass": false,
              "fail": true,
              "pending": false,
              "context": null,
              "code": "cy.get('.color').then(function (colors) {\n  var currentColors;\n  var previousColors;\n  previousColors = Array.from(colors).map(function (color) {\n    return Cypress.$(color).css('background-color');\n  });\n  expect(previousColors[0]).to.eq(BLACK);\n  for (var i = 0; i < 5; i += 1) {\n    cy.reload();\n    cy.get('.color').then(function (colors) {\n      currentColors = Array.from(colors).map(function (color) {\n        return Cypress.$(color).css('background-color');\n      });\n      expect(currentColors[0]).to.eq(BLACK);\n      expect(currentColors).not.to.deep.equal(previousColors);\n      previousColors = currentColors;\n    });\n  }\n});",
              "err": {
                "message": "AssertionError: expected [ Array(4) ] to not deeply equal [ Array(4) ]",
                "estack": "AssertionError: expected [ Array(4) ] to not deeply equal [ Array(4) ]\n    at getRet (http://localhost:35903/__cypress/runner/cypress_runner.js:136585:16)\n    at tryCatcher (http://localhost:35903/__cypress/runner/cypress_runner.js:167415:23)\n    at Function.Promise.attempt.Promise.try (http://localhost:35903/__cypress/runner/cypress_runner.js:164690:29)\n    at Context.thenFn (http://localhost:35903/__cypress/runner/cypress_runner.js:136599:23)\n    at Context.then (http://localhost:35903/__cypress/runner/cypress_runner.js:136971:21)\n    at Context.<anonymous> (http://localhost:35903/__cypress/runner/cypress_runner.js:148875:21)\n    at http://localhost:35903/__cypress/runner/cypress_runner.js:148351:33\n    at tryCatcher (http://localhost:35903/__cypress/runner/cypress_runner.js:167415:23)\n    at Promise._settlePromiseFromHandler (http://localhost:35903/__cypress/runner/cypress_runner.js:165351:31)\n    at Promise._settlePromise (http://localhost:35903/__cypress/runner/cypress_runner.js:165408:18)\n    at Promise._settlePromiseCtx (http://localhost:35903/__cypress/runner/cypress_runner.js:165445:10)\n    at Async../node_modules/bluebird/js/release/async.js.Async._drainQueue (http://localhost:35903/__cypress/runner/cypress_runner.js:162145:12)\n    at Async../node_modules/bluebird/js/release/async.js.Async._drainQueues (http://localhost:35903/__cypress/runner/cypress_runner.js:162150:10)\n    at Async.drainQueues (http://localhost:35903/__cypress/runner/cypress_runner.js:162024:14)",
                "diff": ""
              },
              "uuid": "2459f220-c97d-4554-81a3-99a3050aae51",
              "parentUUID": "93a99238-8109-4904-ab01-1e7d6912fa6e",
              "isHook": false,
              "skipped": false
            }
          ],
          "suites": [],
          "passes": [],
          "failures": [
            "07459b19-038c-46f1-a143-d530bb29f1f1",
            "2459f220-c97d-4554-81a3-99a3050aae51"
          ],
          "pending": [],
          "skipped": [],
          "duration": 356,
          "root": false,
          "rootEmpty": false,
          "_timeout": 2000
        }
      ],
      "passes": [],
      "failures": [],
      "pending": [],
      "skipped": [],
      "duration": 0,
      "root": true,
      "rootEmpty": true,
      "_timeout": 2000
    }
  ],
  "meta": {
    "mocha": {
      "version": "7.0.1"
    },
    "mochawesome": {
      "options": {
        "quiet": false,
        "reportFilename": "mochawesome",
        "saveHtml": false,
        "saveJson": true,
        "consoleReporter": "spec",
        "useInlineDiffs": false
      },
      "version": "4.1.0"
    },
    "marge": {
      "options": {
        "id": "default",
        "reportDir": "cypress/reports",
        "overwrite": true,
        "html": false,
        "json": true
      },
      "version": "4.1.0"
    }
  }
}